{"C:\\Users\\jordi\\Desktop\\Mobile\\HydroFlow\\hydraflow-app\\services\\api.ts": {"path":"C:\\Users\\jordi\\Desktop\\Mobile\\HydroFlow\\hydraflow-app\\services\\api.ts","statementMap":{"0":{"start":{"line":28,"column":2},"end":{"line":29,"column":55}},"1":{"start":{"line":33,"column":60},"end":{"line":33,"column":64}},"2":{"start":{"line":34,"column":16},"end":{"line":34,"column":21}},"3":{"start":{"line":37,"column":32},"end":{"line":37,"column":36}},"4":{"start":{"line":45,"column":19},"end":{"line":52,"column":1}},"5":{"start":{"line":46,"column":16},"end":{"line":46,"column":67}},"6":{"start":{"line":47,"column":2},"end":{"line":51,"column":4}},"7":{"start":{"line":54,"column":30},"end":{"line":55,"column":63}},"8":{"start":{"line":55,"column":2},"end":{"line":55,"column":63}},"9":{"start":{"line":57,"column":17},"end":{"line":91,"column":1}},"10":{"start":{"line":62,"column":18},"end":{"line":62,"column":36}},"11":{"start":{"line":63,"column":31},"end":{"line":66,"column":3}},"12":{"start":{"line":68,"column":2},"end":{"line":70,"column":3}},"13":{"start":{"line":69,"column":4},"end":{"line":69,"column":40}},"14":{"start":{"line":72,"column":19},"end":{"line":72,"column":64}},"15":{"start":{"line":74,"column":2},"end":{"line":79,"column":3}},"16":{"start":{"line":75,"column":4},"end":{"line":77,"column":5}},"17":{"start":{"line":76,"column":6},"end":{"line":76,"column":31}},"18":{"start":{"line":78,"column":4},"end":{"line":78,"column":39}},"19":{"start":{"line":81,"column":2},"end":{"line":89,"column":3}},"20":{"start":{"line":82,"column":17},"end":{"line":82,"column":38}},"21":{"start":{"line":83,"column":4},"end":{"line":88,"column":5}},"22":{"start":{"line":84,"column":22},"end":{"line":84,"column":60}},"23":{"start":{"line":85,"column":6},"end":{"line":85,"column":67}},"24":{"start":{"line":87,"column":6},"end":{"line":87,"column":58}},"25":{"start":{"line":90,"column":2},"end":{"line":90,"column":39}},"26":{"start":{"line":93,"column":22},"end":{"line":95,"column":1}},"27":{"start":{"line":94,"column":2},"end":{"line":94,"column":49}},"28":{"start":{"line":97,"column":20},"end":{"line":99,"column":1}},"29":{"start":{"line":98,"column":2},"end":{"line":98,"column":17}},"30":{"start":{"line":101,"column":19},"end":{"line":505,"column":1}},"31":{"start":{"line":103,"column":4},"end":{"line":103,"column":38}},"32":{"start":{"line":108,"column":4},"end":{"line":123,"column":5}},"33":{"start":{"line":109,"column":23},"end":{"line":113,"column":8}},"34":{"start":{"line":114,"column":19},"end":{"line":114,"column":80}},"35":{"start":{"line":116,"column":6},"end":{"line":118,"column":7}},"36":{"start":{"line":117,"column":8},"end":{"line":117,"column":66}},"37":{"start":{"line":119,"column":6},"end":{"line":119,"column":18}},"38":{"start":{"line":121,"column":6},"end":{"line":121,"column":49}},"39":{"start":{"line":122,"column":6},"end":{"line":122,"column":18}},"40":{"start":{"line":130,"column":20},"end":{"line":130,"column":48}},"41":{"start":{"line":131,"column":4},"end":{"line":133,"column":5}},"42":{"start":{"line":132,"column":6},"end":{"line":132,"column":46}},"43":{"start":{"line":134,"column":4},"end":{"line":142,"column":5}},"44":{"start":{"line":135,"column":6},"end":{"line":135,"column":79}},"45":{"start":{"line":137,"column":6},"end":{"line":137,"column":52}},"46":{"start":{"line":137,"column":40},"end":{"line":137,"column":52}},"47":{"start":{"line":138,"column":6},"end":{"line":138,"column":44}},"48":{"start":{"line":139,"column":6},"end":{"line":139,"column":72}},"49":{"start":{"line":140,"column":6},"end":{"line":140,"column":22}},"50":{"start":{"line":141,"column":6},"end":{"line":141,"column":46}},"51":{"start":{"line":147,"column":4},"end":{"line":167,"column":5}},"52":{"start":{"line":148,"column":6},"end":{"line":148,"column":78}},"53":{"start":{"line":150,"column":6},"end":{"line":152,"column":7}},"54":{"start":{"line":151,"column":8},"end":{"line":151,"column":35}},"55":{"start":{"line":153,"column":6},"end":{"line":153,"column":52}},"56":{"start":{"line":153,"column":40},"end":{"line":153,"column":52}},"57":{"start":{"line":154,"column":6},"end":{"line":157,"column":9}},"58":{"start":{"line":158,"column":6},"end":{"line":158,"column":22}},"59":{"start":{"line":159,"column":6},"end":{"line":166,"column":8}},"60":{"start":{"line":172,"column":4},"end":{"line":196,"column":5}},"61":{"start":{"line":173,"column":22},"end":{"line":173,"column":40}},"62":{"start":{"line":174,"column":18},"end":{"line":176,"column":36}},"63":{"start":{"line":178,"column":23},"end":{"line":181,"column":8}},"64":{"start":{"line":183,"column":6},"end":{"line":188,"column":7}},"65":{"start":{"line":184,"column":8},"end":{"line":186,"column":9}},"66":{"start":{"line":185,"column":10},"end":{"line":185,"column":35}},"67":{"start":{"line":187,"column":8},"end":{"line":187,"column":20}},"68":{"start":{"line":190,"column":19},"end":{"line":190,"column":80}},"69":{"start":{"line":191,"column":6},"end":{"line":191,"column":82}},"70":{"start":{"line":191,"column":24},"end":{"line":191,"column":82}},"71":{"start":{"line":192,"column":6},"end":{"line":192,"column":29}},"72":{"start":{"line":194,"column":6},"end":{"line":194,"column":53}},"73":{"start":{"line":195,"column":6},"end":{"line":195,"column":18}},"74":{"start":{"line":201,"column":4},"end":{"line":224,"column":5}},"75":{"start":{"line":202,"column":6},"end":{"line":202,"column":69}},"76":{"start":{"line":204,"column":6},"end":{"line":204,"column":52}},"77":{"start":{"line":204,"column":40},"end":{"line":204,"column":52}},"78":{"start":{"line":206,"column":24},"end":{"line":206,"column":72}},"79":{"start":{"line":207,"column":6},"end":{"line":215,"column":7}},"80":{"start":{"line":208,"column":8},"end":{"line":208,"column":24}},"81":{"start":{"line":209,"column":8},"end":{"line":214,"column":10}},"82":{"start":{"line":217,"column":6},"end":{"line":217,"column":75}},"83":{"start":{"line":218,"column":6},"end":{"line":218,"column":22}},"84":{"start":{"line":219,"column":6},"end":{"line":223,"column":8}},"85":{"start":{"line":229,"column":4},"end":{"line":236,"column":5}},"86":{"start":{"line":230,"column":23},"end":{"line":230,"column":84}},"87":{"start":{"line":231,"column":6},"end":{"line":231,"column":27}},"88":{"start":{"line":233,"column":6},"end":{"line":233,"column":52}},"89":{"start":{"line":233,"column":40},"end":{"line":233,"column":52}},"90":{"start":{"line":234,"column":6},"end":{"line":234,"column":50}},"91":{"start":{"line":235,"column":6},"end":{"line":235,"column":18}},"92":{"start":{"line":244,"column":26},"end":{"line":244,"column":57}},"93":{"start":{"line":245,"column":24},"end":{"line":245,"column":53}},"94":{"start":{"line":247,"column":4},"end":{"line":271,"column":5}},"95":{"start":{"line":248,"column":22},"end":{"line":248,"column":40}},"96":{"start":{"line":249,"column":23},"end":{"line":255,"column":7}},"97":{"start":{"line":257,"column":6},"end":{"line":260,"column":7}},"98":{"start":{"line":258,"column":8},"end":{"line":258,"column":33}},"99":{"start":{"line":259,"column":8},"end":{"line":259,"column":20}},"100":{"start":{"line":262,"column":19},"end":{"line":265,"column":7}},"101":{"start":{"line":266,"column":6},"end":{"line":266,"column":52}},"102":{"start":{"line":266,"column":24},"end":{"line":266,"column":52}},"103":{"start":{"line":267,"column":6},"end":{"line":267,"column":33}},"104":{"start":{"line":269,"column":6},"end":{"line":269,"column":55}},"105":{"start":{"line":270,"column":6},"end":{"line":270,"column":18}},"106":{"start":{"line":276,"column":28},"end":{"line":276,"column":54}},"107":{"start":{"line":278,"column":4},"end":{"line":348,"column":5}},"108":{"start":{"line":279,"column":22},"end":{"line":279,"column":40}},"109":{"start":{"line":280,"column":23},"end":{"line":286,"column":7}},"110":{"start":{"line":288,"column":6},"end":{"line":291,"column":7}},"111":{"start":{"line":289,"column":8},"end":{"line":289,"column":33}},"112":{"start":{"line":290,"column":8},"end":{"line":290,"column":20}},"113":{"start":{"line":293,"column":27},"end":{"line":300,"column":7}},"114":{"start":{"line":301,"column":6},"end":{"line":301,"column":60}},"115":{"start":{"line":301,"column":24},"end":{"line":301,"column":60}},"116":{"start":{"line":303,"column":24},"end":{"line":303,"column":41}},"117":{"start":{"line":304,"column":6},"end":{"line":304,"column":34}},"118":{"start":{"line":304,"column":22},"end":{"line":304,"column":34}},"119":{"start":{"line":308,"column":6},"end":{"line":342,"column":7}},"120":{"start":{"line":310,"column":10},"end":{"line":317,"column":12}},"121":{"start":{"line":318,"column":10},"end":{"line":318,"column":16}},"122":{"start":{"line":320,"column":10},"end":{"line":327,"column":12}},"123":{"start":{"line":328,"column":10},"end":{"line":328,"column":16}},"124":{"start":{"line":330,"column":10},"end":{"line":337,"column":12}},"125":{"start":{"line":338,"column":10},"end":{"line":338,"column":16}},"126":{"start":{"line":340,"column":10},"end":{"line":340,"column":68}},"127":{"start":{"line":341,"column":10},"end":{"line":341,"column":16}},"128":{"start":{"line":343,"column":6},"end":{"line":343,"column":19}},"129":{"start":{"line":345,"column":6},"end":{"line":345,"column":51}},"130":{"start":{"line":346,"column":6},"end":{"line":346,"column":61}},"131":{"start":{"line":347,"column":6},"end":{"line":347,"column":18}},"132":{"start":{"line":353,"column":4},"end":{"line":363,"column":5}},"133":{"start":{"line":354,"column":23},"end":{"line":357,"column":7}},"134":{"start":{"line":358,"column":6},"end":{"line":358,"column":41}},"135":{"start":{"line":360,"column":6},"end":{"line":360,"column":67}},"136":{"start":{"line":361,"column":6},"end":{"line":361,"column":55}},"137":{"start":{"line":362,"column":6},"end":{"line":362,"column":16}},"138":{"start":{"line":368,"column":4},"end":{"line":375,"column":5}},"139":{"start":{"line":369,"column":23},"end":{"line":369,"column":88}},"140":{"start":{"line":370,"column":6},"end":{"line":370,"column":34}},"141":{"start":{"line":372,"column":6},"end":{"line":372,"column":60}},"142":{"start":{"line":373,"column":6},"end":{"line":373,"column":50}},"143":{"start":{"line":374,"column":6},"end":{"line":374,"column":16}},"144":{"start":{"line":380,"column":4},"end":{"line":399,"column":5}},"145":{"start":{"line":381,"column":19},"end":{"line":387,"column":41}},"146":{"start":{"line":388,"column":21},"end":{"line":388,"column":36}},"147":{"start":{"line":389,"column":6},"end":{"line":393,"column":8}},"148":{"start":{"line":395,"column":6},"end":{"line":395,"column":52}},"149":{"start":{"line":395,"column":40},"end":{"line":395,"column":52}},"150":{"start":{"line":396,"column":6},"end":{"line":396,"column":49}},"151":{"start":{"line":397,"column":6},"end":{"line":397,"column":69}},"152":{"start":{"line":398,"column":6},"end":{"line":398,"column":18}},"153":{"start":{"line":404,"column":4},"end":{"line":414,"column":5}},"154":{"start":{"line":405,"column":19},"end":{"line":407,"column":8}},"155":{"start":{"line":408,"column":6},"end":{"line":408,"column":32}},"156":{"start":{"line":410,"column":6},"end":{"line":410,"column":52}},"157":{"start":{"line":410,"column":40},"end":{"line":410,"column":52}},"158":{"start":{"line":411,"column":6},"end":{"line":411,"column":52}},"159":{"start":{"line":412,"column":6},"end":{"line":412,"column":60}},"160":{"start":{"line":413,"column":6},"end":{"line":413,"column":18}},"161":{"start":{"line":418,"column":4},"end":{"line":418,"column":32}},"162":{"start":{"line":418,"column":19},"end":{"line":418,"column":32}},"163":{"start":{"line":420,"column":4},"end":{"line":420,"column":21}},"164":{"start":{"line":422,"column":4},"end":{"line":467,"column":5}},"165":{"start":{"line":423,"column":6},"end":{"line":423,"column":76}},"166":{"start":{"line":423,"column":37},"end":{"line":423,"column":74}},"167":{"start":{"line":425,"column":20},"end":{"line":425,"column":51}},"168":{"start":{"line":426,"column":6},"end":{"line":426,"column":43}},"169":{"start":{"line":426,"column":30},"end":{"line":426,"column":43}},"170":{"start":{"line":428,"column":22},"end":{"line":428,"column":23}},"171":{"start":{"line":430,"column":6},"end":{"line":457,"column":7}},"172":{"start":{"line":431,"column":8},"end":{"line":456,"column":9}},"173":{"start":{"line":432,"column":10},"end":{"line":443,"column":11}},"174":{"start":{"line":433,"column":12},"end":{"line":433,"column":65}},"175":{"start":{"line":434,"column":17},"end":{"line":443,"column":11}},"176":{"start":{"line":435,"column":12},"end":{"line":435,"column":51}},"177":{"start":{"line":436,"column":17},"end":{"line":443,"column":11}},"178":{"start":{"line":437,"column":28},"end":{"line":439,"column":13}},"179":{"start":{"line":440,"column":12},"end":{"line":442,"column":13}},"180":{"start":{"line":441,"column":14},"end":{"line":441,"column":62}},"181":{"start":{"line":445,"column":10},"end":{"line":445,"column":58}},"182":{"start":{"line":446,"column":10},"end":{"line":446,"column":22}},"183":{"start":{"line":448,"column":10},"end":{"line":451,"column":11}},"184":{"start":{"line":449,"column":12},"end":{"line":449,"column":69}},"185":{"start":{"line":450,"column":12},"end":{"line":450,"column":18}},"186":{"start":{"line":452,"column":10},"end":{"line":455,"column":12}},"187":{"start":{"line":459,"column":6},"end":{"line":462,"column":7}},"188":{"start":{"line":460,"column":8},"end":{"line":460,"column":64}},"189":{"start":{"line":461,"column":8},"end":{"line":461,"column":20}},"190":{"start":{"line":464,"column":6},"end":{"line":464,"column":19}},"191":{"start":{"line":466,"column":6},"end":{"line":466,"column":24}},"192":{"start":{"line":472,"column":4},"end":{"line":486,"column":5}},"193":{"start":{"line":473,"column":22},"end":{"line":473,"column":40}},"194":{"start":{"line":474,"column":23},"end":{"line":477,"column":8}},"195":{"start":{"line":478,"column":19},"end":{"line":478,"column":64}},"196":{"start":{"line":479,"column":6},"end":{"line":479,"column":52}},"197":{"start":{"line":479,"column":24},"end":{"line":479,"column":52}},"198":{"start":{"line":480,"column":6},"end":{"line":480,"column":33}},"199":{"start":{"line":481,"column":6},"end":{"line":481,"column":18}},"200":{"start":{"line":483,"column":6},"end":{"line":483,"column":54}},"201":{"start":{"line":484,"column":6},"end":{"line":484,"column":72}},"202":{"start":{"line":485,"column":6},"end":{"line":485,"column":19}},"203":{"start":{"line":491,"column":4},"end":{"line":503,"column":5}},"204":{"start":{"line":492,"column":22},"end":{"line":492,"column":40}},"205":{"start":{"line":493,"column":23},"end":{"line":496,"column":8}},"206":{"start":{"line":497,"column":19},"end":{"line":497,"column":83}},"207":{"start":{"line":498,"column":6},"end":{"line":498,"column":52}},"208":{"start":{"line":498,"column":24},"end":{"line":498,"column":52}},"209":{"start":{"line":499,"column":6},"end":{"line":499,"column":31}},"210":{"start":{"line":501,"column":6},"end":{"line":501,"column":52}},"211":{"start":{"line":502,"column":6},"end":{"line":502,"column":18}}},"fnMap":{"0":{"name":"(anonymous_0)","decl":{"start":{"line":45,"column":19},"end":{"line":45,"column":20}},"loc":{"start":{"line":45,"column":52},"end":{"line":52,"column":1}},"line":45},"1":{"name":"(anonymous_1)","decl":{"start":{"line":54,"column":30},"end":{"line":54,"column":31}},"loc":{"start":{"line":55,"column":2},"end":{"line":55,"column":63}},"line":55},"2":{"name":"(anonymous_2)","decl":{"start":{"line":57,"column":17},"end":{"line":57,"column":18}},"loc":{"start":{"line":61,"column":17},"end":{"line":91,"column":1}},"line":61},"3":{"name":"(anonymous_3)","decl":{"start":{"line":93,"column":22},"end":{"line":93,"column":23}},"loc":{"start":{"line":93,"column":34},"end":{"line":95,"column":1}},"line":93},"4":{"name":"(anonymous_4)","decl":{"start":{"line":97,"column":20},"end":{"line":97,"column":21}},"loc":{"start":{"line":97,"column":85},"end":{"line":99,"column":1}},"line":97},"5":{"name":"(anonymous_5)","decl":{"start":{"line":102,"column":27},"end":{"line":102,"column":28}},"loc":{"start":{"line":102,"column":71},"end":{"line":104,"column":3}},"line":102},"6":{"name":"(anonymous_6)","decl":{"start":{"line":107,"column":9},"end":{"line":107,"column":10}},"loc":{"start":{"line":107,"column":66},"end":{"line":124,"column":3}},"line":107},"7":{"name":"(anonymous_7)","decl":{"start":{"line":127,"column":14},"end":{"line":127,"column":15}},"loc":{"start":{"line":129,"column":41},"end":{"line":143,"column":3}},"line":129},"8":{"name":"(anonymous_8)","decl":{"start":{"line":146,"column":12},"end":{"line":146,"column":13}},"loc":{"start":{"line":146,"column":70},"end":{"line":168,"column":3}},"line":146},"9":{"name":"(anonymous_9)","decl":{"start":{"line":171,"column":19},"end":{"line":171,"column":20}},"loc":{"start":{"line":171,"column":66},"end":{"line":197,"column":3}},"line":171},"10":{"name":"(anonymous_10)","decl":{"start":{"line":200,"column":13},"end":{"line":200,"column":14}},"loc":{"start":{"line":200,"column":58},"end":{"line":225,"column":3}},"line":200},"11":{"name":"(anonymous_11)","decl":{"start":{"line":228,"column":11},"end":{"line":228,"column":12}},"loc":{"start":{"line":228,"column":52},"end":{"line":237,"column":3}},"line":228},"12":{"name":"(anonymous_12)","decl":{"start":{"line":240,"column":19},"end":{"line":240,"column":20}},"loc":{"start":{"line":243,"column":47},"end":{"line":272,"column":3}},"line":243},"13":{"name":"(anonymous_13)","decl":{"start":{"line":275,"column":12},"end":{"line":275,"column":13}},"loc":{"start":{"line":275,"column":92},"end":{"line":349,"column":3}},"line":275},"14":{"name":"(anonymous_14)","decl":{"start":{"line":352,"column":19},"end":{"line":352,"column":20}},"loc":{"start":{"line":352,"column":62},"end":{"line":364,"column":3}},"line":352},"15":{"name":"(anonymous_15)","decl":{"start":{"line":367,"column":12},"end":{"line":367,"column":13}},"loc":{"start":{"line":367,"column":48},"end":{"line":376,"column":3}},"line":367},"16":{"name":"(anonymous_16)","decl":{"start":{"line":379,"column":11},"end":{"line":379,"column":12}},"loc":{"start":{"line":379,"column":68},"end":{"line":400,"column":3}},"line":379},"17":{"name":"(anonymous_17)","decl":{"start":{"line":403,"column":13},"end":{"line":403,"column":14}},"loc":{"start":{"line":403,"column":74},"end":{"line":415,"column":3}},"line":403},"18":{"name":"(anonymous_18)","decl":{"start":{"line":417,"column":20},"end":{"line":417,"column":21}},"loc":{"start":{"line":417,"column":50},"end":{"line":468,"column":3}},"line":417},"19":{"name":"(anonymous_19)","decl":{"start":{"line":423,"column":24},"end":{"line":423,"column":25}},"loc":{"start":{"line":423,"column":37},"end":{"line":423,"column":74}},"line":423},"20":{"name":"(anonymous_20)","decl":{"start":{"line":471,"column":17},"end":{"line":471,"column":18}},"loc":{"start":{"line":471,"column":47},"end":{"line":487,"column":3}},"line":471},"21":{"name":"(anonymous_21)","decl":{"start":{"line":490,"column":18},"end":{"line":490,"column":19}},"loc":{"start":{"line":490,"column":58},"end":{"line":504,"column":3}},"line":490}},"branchMap":{"0":{"loc":{"start":{"line":28,"column":2},"end":{"line":29,"column":55}},"type":"binary-expr","locations":[{"start":{"line":28,"column":2},"end":{"line":28,"column":33}},{"start":{"line":29,"column":2},"end":{"line":29,"column":55}}],"line":28},"1":{"loc":{"start":{"line":50,"column":8},"end":{"line":50,"column":57}},"type":"cond-expr","locations":[{"start":{"line":50,"column":16},"end":{"line":50,"column":52}},{"start":{"line":50,"column":55},"end":{"line":50,"column":57}}],"line":50},"2":{"loc":{"start":{"line":55,"column":2},"end":{"line":55,"column":63}},"type":"binary-expr","locations":[{"start":{"line":55,"column":2},"end":{"line":55,"column":24}},{"start":{"line":55,"column":28},"end":{"line":55,"column":63}}],"line":55},"3":{"loc":{"start":{"line":68,"column":2},"end":{"line":70,"column":3}},"type":"if","locations":[{"start":{"line":68,"column":2},"end":{"line":70,"column":3}},{"start":{},"end":{}}],"line":68},"4":{"loc":{"start":{"line":68,"column":6},"end":{"line":68,"column":41}},"type":"binary-expr","locations":[{"start":{"line":68,"column":6},"end":{"line":68,"column":24}},{"start":{"line":68,"column":28},"end":{"line":68,"column":41}}],"line":68},"5":{"loc":{"start":{"line":74,"column":2},"end":{"line":79,"column":3}},"type":"if","locations":[{"start":{"line":74,"column":2},"end":{"line":79,"column":3}},{"start":{},"end":{}}],"line":74},"6":{"loc":{"start":{"line":75,"column":4},"end":{"line":77,"column":5}},"type":"if","locations":[{"start":{"line":75,"column":4},"end":{"line":77,"column":5}},{"start":{},"end":{}}],"line":75},"7":{"loc":{"start":{"line":81,"column":2},"end":{"line":89,"column":3}},"type":"if","locations":[{"start":{"line":81,"column":2},"end":{"line":89,"column":3}},{"start":{},"end":{}}],"line":81},"8":{"loc":{"start":{"line":85,"column":22},"end":{"line":85,"column":65}},"type":"binary-expr","locations":[{"start":{"line":85,"column":22},"end":{"line":85,"column":35}},{"start":{"line":85,"column":39},"end":{"line":85,"column":65}}],"line":85},"9":{"loc":{"start":{"line":87,"column":22},"end":{"line":87,"column":56}},"type":"binary-expr","locations":[{"start":{"line":87,"column":22},"end":{"line":87,"column":26}},{"start":{"line":87,"column":30},"end":{"line":87,"column":56}}],"line":87},"10":{"loc":{"start":{"line":97,"column":21},"end":{"line":97,"column":74}},"type":"default-arg","locations":[{"start":{"line":97,"column":35},"end":{"line":97,"column":74}}],"line":97},"11":{"loc":{"start":{"line":116,"column":6},"end":{"line":118,"column":7}},"type":"if","locations":[{"start":{"line":116,"column":6},"end":{"line":118,"column":7}},{"start":{},"end":{}}],"line":116},"12":{"loc":{"start":{"line":117,"column":24},"end":{"line":117,"column":64}},"type":"binary-expr","locations":[{"start":{"line":117,"column":24},"end":{"line":117,"column":34}},{"start":{"line":117,"column":38},"end":{"line":117,"column":64}}],"line":117},"13":{"loc":{"start":{"line":131,"column":4},"end":{"line":133,"column":5}},"type":"if","locations":[{"start":{"line":131,"column":4},"end":{"line":133,"column":5}},{"start":{},"end":{}}],"line":131},"14":{"loc":{"start":{"line":137,"column":6},"end":{"line":137,"column":52}},"type":"if","locations":[{"start":{"line":137,"column":6},"end":{"line":137,"column":52}},{"start":{},"end":{}}],"line":137},"15":{"loc":{"start":{"line":150,"column":6},"end":{"line":152,"column":7}},"type":"if","locations":[{"start":{"line":150,"column":6},"end":{"line":152,"column":7}},{"start":{},"end":{}}],"line":150},"16":{"loc":{"start":{"line":153,"column":6},"end":{"line":153,"column":52}},"type":"if","locations":[{"start":{"line":153,"column":6},"end":{"line":153,"column":52}},{"start":{},"end":{}}],"line":153},"17":{"loc":{"start":{"line":174,"column":18},"end":{"line":176,"column":36}},"type":"cond-expr","locations":[{"start":{"line":175,"column":10},"end":{"line":175,"column":71}},{"start":{"line":176,"column":10},"end":{"line":176,"column":36}}],"line":174},"18":{"loc":{"start":{"line":183,"column":6},"end":{"line":188,"column":7}},"type":"if","locations":[{"start":{"line":183,"column":6},"end":{"line":188,"column":7}},{"start":{},"end":{}}],"line":183},"19":{"loc":{"start":{"line":184,"column":8},"end":{"line":186,"column":9}},"type":"if","locations":[{"start":{"line":184,"column":8},"end":{"line":186,"column":9}},{"start":{},"end":{}}],"line":184},"20":{"loc":{"start":{"line":191,"column":6},"end":{"line":191,"column":82}},"type":"if","locations":[{"start":{"line":191,"column":6},"end":{"line":191,"column":82}},{"start":{},"end":{}}],"line":191},"21":{"loc":{"start":{"line":191,"column":40},"end":{"line":191,"column":80}},"type":"binary-expr","locations":[{"start":{"line":191,"column":40},"end":{"line":191,"column":50}},{"start":{"line":191,"column":54},"end":{"line":191,"column":80}}],"line":191},"22":{"loc":{"start":{"line":192,"column":13},"end":{"line":192,"column":28}},"type":"binary-expr","locations":[{"start":{"line":192,"column":13},"end":{"line":192,"column":23}},{"start":{"line":192,"column":27},"end":{"line":192,"column":28}}],"line":192},"23":{"loc":{"start":{"line":204,"column":6},"end":{"line":204,"column":52}},"type":"if","locations":[{"start":{"line":204,"column":6},"end":{"line":204,"column":52}},{"start":{},"end":{}}],"line":204},"24":{"loc":{"start":{"line":207,"column":6},"end":{"line":215,"column":7}},"type":"if","locations":[{"start":{"line":207,"column":6},"end":{"line":215,"column":7}},{"start":{},"end":{}}],"line":207},"25":{"loc":{"start":{"line":233,"column":6},"end":{"line":233,"column":52}},"type":"if","locations":[{"start":{"line":233,"column":6},"end":{"line":233,"column":52}},{"start":{},"end":{}}],"line":233},"26":{"loc":{"start":{"line":257,"column":6},"end":{"line":260,"column":7}},"type":"if","locations":[{"start":{"line":257,"column":6},"end":{"line":260,"column":7}},{"start":{},"end":{}}],"line":257},"27":{"loc":{"start":{"line":257,"column":10},"end":{"line":257,"column":59}},"type":"binary-expr","locations":[{"start":{"line":257,"column":10},"end":{"line":257,"column":33}},{"start":{"line":257,"column":37},"end":{"line":257,"column":59}}],"line":257},"28":{"loc":{"start":{"line":266,"column":6},"end":{"line":266,"column":52}},"type":"if","locations":[{"start":{"line":266,"column":6},"end":{"line":266,"column":52}},{"start":{},"end":{}}],"line":266},"29":{"loc":{"start":{"line":267,"column":13},"end":{"line":267,"column":32}},"type":"binary-expr","locations":[{"start":{"line":267,"column":13},"end":{"line":267,"column":24}},{"start":{"line":267,"column":28},"end":{"line":267,"column":32}}],"line":267},"30":{"loc":{"start":{"line":288,"column":6},"end":{"line":291,"column":7}},"type":"if","locations":[{"start":{"line":288,"column":6},"end":{"line":291,"column":7}},{"start":{},"end":{}}],"line":288},"31":{"loc":{"start":{"line":288,"column":10},"end":{"line":288,"column":59}},"type":"binary-expr","locations":[{"start":{"line":288,"column":10},"end":{"line":288,"column":33}},{"start":{"line":288,"column":37},"end":{"line":288,"column":59}}],"line":288},"32":{"loc":{"start":{"line":301,"column":6},"end":{"line":301,"column":60}},"type":"if","locations":[{"start":{"line":301,"column":6},"end":{"line":301,"column":60}},{"start":{},"end":{}}],"line":301},"33":{"loc":{"start":{"line":304,"column":6},"end":{"line":304,"column":34}},"type":"if","locations":[{"start":{"line":304,"column":6},"end":{"line":304,"column":34}},{"start":{},"end":{}}],"line":304},"34":{"loc":{"start":{"line":308,"column":6},"end":{"line":342,"column":7}},"type":"switch","locations":[{"start":{"line":309,"column":8},"end":{"line":318,"column":16}},{"start":{"line":319,"column":8},"end":{"line":328,"column":16}},{"start":{"line":329,"column":8},"end":{"line":338,"column":16}},{"start":{"line":339,"column":8},"end":{"line":341,"column":16}}],"line":308},"35":{"loc":{"start":{"line":358,"column":13},"end":{"line":358,"column":40}},"type":"binary-expr","locations":[{"start":{"line":358,"column":13},"end":{"line":358,"column":34}},{"start":{"line":358,"column":38},"end":{"line":358,"column":40}}],"line":358},"36":{"loc":{"start":{"line":370,"column":13},"end":{"line":370,"column":33}},"type":"binary-expr","locations":[{"start":{"line":370,"column":13},"end":{"line":370,"column":27}},{"start":{"line":370,"column":31},"end":{"line":370,"column":33}}],"line":370},"37":{"loc":{"start":{"line":388,"column":21},"end":{"line":388,"column":36}},"type":"binary-expr","locations":[{"start":{"line":388,"column":21},"end":{"line":388,"column":30}},{"start":{"line":388,"column":34},"end":{"line":388,"column":36}}],"line":388},"38":{"loc":{"start":{"line":395,"column":6},"end":{"line":395,"column":52}},"type":"if","locations":[{"start":{"line":395,"column":6},"end":{"line":395,"column":52}},{"start":{},"end":{}}],"line":395},"39":{"loc":{"start":{"line":408,"column":13},"end":{"line":408,"column":31}},"type":"binary-expr","locations":[{"start":{"line":408,"column":13},"end":{"line":408,"column":23}},{"start":{"line":408,"column":27},"end":{"line":408,"column":31}}],"line":408},"40":{"loc":{"start":{"line":410,"column":6},"end":{"line":410,"column":52}},"type":"if","locations":[{"start":{"line":410,"column":6},"end":{"line":410,"column":52}},{"start":{},"end":{}}],"line":410},"41":{"loc":{"start":{"line":418,"column":4},"end":{"line":418,"column":32}},"type":"if","locations":[{"start":{"line":418,"column":4},"end":{"line":418,"column":32}},{"start":{},"end":{}}],"line":418},"42":{"loc":{"start":{"line":426,"column":6},"end":{"line":426,"column":43}},"type":"if","locations":[{"start":{"line":426,"column":6},"end":{"line":426,"column":43}},{"start":{},"end":{}}],"line":426},"43":{"loc":{"start":{"line":432,"column":10},"end":{"line":443,"column":11}},"type":"if","locations":[{"start":{"line":432,"column":10},"end":{"line":443,"column":11}},{"start":{"line":434,"column":17},"end":{"line":443,"column":11}}],"line":432},"44":{"loc":{"start":{"line":434,"column":17},"end":{"line":443,"column":11}},"type":"if","locations":[{"start":{"line":434,"column":17},"end":{"line":443,"column":11}},{"start":{"line":436,"column":17},"end":{"line":443,"column":11}}],"line":434},"45":{"loc":{"start":{"line":436,"column":17},"end":{"line":443,"column":11}},"type":"if","locations":[{"start":{"line":436,"column":17},"end":{"line":443,"column":11}},{"start":{},"end":{}}],"line":436},"46":{"loc":{"start":{"line":440,"column":12},"end":{"line":442,"column":13}},"type":"if","locations":[{"start":{"line":440,"column":12},"end":{"line":442,"column":13}},{"start":{},"end":{}}],"line":440},"47":{"loc":{"start":{"line":448,"column":10},"end":{"line":451,"column":11}},"type":"if","locations":[{"start":{"line":448,"column":10},"end":{"line":451,"column":11}},{"start":{},"end":{}}],"line":448},"48":{"loc":{"start":{"line":459,"column":6},"end":{"line":462,"column":7}},"type":"if","locations":[{"start":{"line":459,"column":6},"end":{"line":462,"column":7}},{"start":{},"end":{}}],"line":459},"49":{"loc":{"start":{"line":479,"column":6},"end":{"line":479,"column":52}},"type":"if","locations":[{"start":{"line":479,"column":6},"end":{"line":479,"column":52}},{"start":{},"end":{}}],"line":479},"50":{"loc":{"start":{"line":498,"column":6},"end":{"line":498,"column":52}},"type":"if","locations":[{"start":{"line":498,"column":6},"end":{"line":498,"column":52}},{"start":{},"end":{}}],"line":498},"51":{"loc":{"start":{"line":499,"column":13},"end":{"line":499,"column":30}},"type":"binary-expr","locations":[{"start":{"line":499,"column":13},"end":{"line":499,"column":22}},{"start":{"line":499,"column":26},"end":{"line":499,"column":30}}],"line":499}},"s":{"0":1,"1":1,"2":1,"3":1,"4":1,"5":12,"6":12,"7":1,"8":7,"9":1,"10":12,"11":12,"12":12,"13":8,"14":12,"15":7,"16":1,"17":0,"18":1,"19":5,"20":0,"21":0,"22":0,"23":0,"24":0,"25":5,"26":1,"27":4,"28":1,"29":0,"30":1,"31":0,"32":0,"33":0,"34":0,"35":0,"36":0,"37":0,"38":0,"39":0,"40":2,"41":2,"42":1,"43":1,"44":1,"45":1,"46":0,"47":1,"48":1,"49":1,"50":1,"51":1,"52":1,"53":1,"54":1,"55":1,"56":0,"57":1,"58":1,"59":1,"60":0,"61":0,"62":0,"63":0,"64":0,"65":0,"66":0,"67":0,"68":0,"69":0,"70":0,"71":0,"72":0,"73":0,"74":2,"75":2,"76":2,"77":0,"78":2,"79":2,"80":1,"81":1,"82":1,"83":1,"84":1,"85":0,"86":0,"87":0,"88":0,"89":0,"90":0,"91":0,"92":0,"93":0,"94":0,"95":0,"96":0,"97":0,"98":0,"99":0,"100":0,"101":0,"102":0,"103":0,"104":0,"105":0,"106":0,"107":0,"108":0,"109":0,"110":0,"111":0,"112":0,"113":0,"114":0,"115":0,"116":0,"117":0,"118":0,"119":0,"120":0,"121":0,"122":0,"123":0,"124":0,"125":0,"126":0,"127":0,"128":0,"129":0,"130":0,"131":0,"132":0,"133":0,"134":0,"135":0,"136":0,"137":0,"138":0,"139":0,"140":0,"141":0,"142":0,"143":0,"144":0,"145":0,"146":0,"147":0,"148":0,"149":0,"150":0,"151":0,"152":0,"153":0,"154":0,"155":0,"156":0,"157":0,"158":0,"159":0,"160":0,"161":7,"162":1,"163":6,"164":6,"165":6,"166":6,"167":6,"168":6,"169":1,"170":5,"171":5,"172":8,"173":8,"174":3,"175":5,"176":2,"177":3,"178":3,"179":3,"180":3,"181":5,"182":5,"183":3,"184":1,"185":1,"186":2,"187":5,"188":4,"189":4,"190":1,"191":6,"192":0,"193":0,"194":0,"195":0,"196":0,"197":0,"198":0,"199":0,"200":0,"201":0,"202":0,"203":0,"204":0,"205":0,"206":0,"207":0,"208":0,"209":0,"210":0,"211":0},"f":{"0":12,"1":7,"2":12,"3":4,"4":0,"5":0,"6":0,"7":2,"8":1,"9":0,"10":2,"11":0,"12":0,"13":0,"14":0,"15":0,"16":0,"17":0,"18":7,"19":6,"20":0,"21":0},"b":{"0":[1,1],"1":[12,0],"2":[7,7],"3":[8,4],"4":[12,8],"5":[1,5],"6":[0,1],"7":[0,5],"8":[0,0],"9":[0,0],"10":[0],"11":[0,0],"12":[0,0],"13":[1,1],"14":[0,1],"15":[1,0],"16":[0,1],"17":[0,0],"18":[0,0],"19":[0,0],"20":[0,0],"21":[0,0],"22":[0,0],"23":[0,2],"24":[1,1],"25":[0,0],"26":[0,0],"27":[0,0],"28":[0,0],"29":[0,0],"30":[0,0],"31":[0,0],"32":[0,0],"33":[0,0],"34":[0,0,0,0],"35":[0,0],"36":[0,0],"37":[0,0],"38":[0,0],"39":[0,0],"40":[0,0],"41":[1,6],"42":[1,5],"43":[3,5],"44":[2,3],"45":[3,0],"46":[3,0],"47":[1,2],"48":[4,1],"49":[0,0],"50":[0,0],"51":[0,0]},"_coverageSchema":"1a1c01bbd47fc00a2c39e90264f33305004495a9","hash":"53367570d6887657dd478c6c3d2cda214d6ae2af"}
,"C:\\Users\\jordi\\Desktop\\Mobile\\HydroFlow\\hydraflow-app\\services\\audioService.ts": {"path":"C:\\Users\\jordi\\Desktop\\Mobile\\HydroFlow\\hydraflow-app\\services\\audioService.ts","statementMap":{"0":{"start":{"line":13,"column":61},"end":{"line":13,"column":63}},"1":{"start":{"line":14,"column":20},"end":{"line":14,"column":25}},"2":{"start":{"line":15,"column":25},"end":{"line":15,"column":28}},"3":{"start":{"line":18,"column":4},"end":{"line":18,"column":39}},"4":{"start":{"line":19,"column":4},"end":{"line":19,"column":44}},"5":{"start":{"line":21,"column":4},"end":{"line":29,"column":5}},"6":{"start":{"line":22,"column":6},"end":{"line":26,"column":9}},"7":{"start":{"line":28,"column":6},"end":{"line":28,"column":64}},"8":{"start":{"line":33,"column":4},"end":{"line":41,"column":5}},"9":{"start":{"line":34,"column":6},"end":{"line":38,"column":7}},"10":{"start":{"line":35,"column":23},"end":{"line":35,"column":53}},"11":{"start":{"line":36,"column":8},"end":{"line":36,"column":61}},"12":{"start":{"line":37,"column":8},"end":{"line":37,"column":36}},"13":{"start":{"line":40,"column":6},"end":{"line":40,"column":64}},"14":{"start":{"line":45,"column":4},"end":{"line":45,"column":29}},"15":{"start":{"line":45,"column":22},"end":{"line":45,"column":29}},"16":{"start":{"line":47,"column":19},"end":{"line":47,"column":37}},"17":{"start":{"line":48,"column":4},"end":{"line":58,"column":5}},"18":{"start":{"line":49,"column":6},"end":{"line":55,"column":7}},"19":{"start":{"line":50,"column":8},"end":{"line":50,"column":42}},"20":{"start":{"line":51,"column":8},"end":{"line":51,"column":25}},"21":{"start":{"line":52,"column":8},"end":{"line":52,"column":22}},"22":{"start":{"line":54,"column":8},"end":{"line":54,"column":71}},"23":{"start":{"line":57,"column":6},"end":{"line":57,"column":71}},"24":{"start":{"line":62,"column":4},"end":{"line":62,"column":27}},"25":{"start":{"line":64,"column":4},"end":{"line":68,"column":7}},"26":{"start":{"line":65,"column":6},"end":{"line":67,"column":7}},"27":{"start":{"line":66,"column":8},"end":{"line":66,"column":56}},"28":{"start":{"line":72,"column":29},"end":{"line":72,"column":54}},"29":{"start":{"line":73,"column":4},"end":{"line":73,"column":41}},"30":{"start":{"line":75,"column":4},"end":{"line":81,"column":5}},"31":{"start":{"line":76,"column":6},"end":{"line":80,"column":9}},"32":{"start":{"line":77,"column":8},"end":{"line":79,"column":9}},"33":{"start":{"line":78,"column":10},"end":{"line":78,"column":44}},"34":{"start":{"line":85,"column":4},"end":{"line":87,"column":7}},"35":{"start":{"line":86,"column":6},"end":{"line":86,"column":23}},"36":{"start":{"line":88,"column":4},"end":{"line":88,"column":22}},"37":{"start":{"line":92,"column":28},"end":{"line":92,"column":46}}},"fnMap":{"0":{"name":"(anonymous_0)","decl":{"start":{"line":17,"column":2},"end":{"line":17,"column":3}},"loc":{"start":{"line":17,"column":78},"end":{"line":30,"column":3}},"line":17},"1":{"name":"(anonymous_1)","decl":{"start":{"line":32,"column":2},"end":{"line":32,"column":3}},"loc":{"start":{"line":32,"column":56},"end":{"line":42,"column":3}},"line":32},"2":{"name":"(anonymous_2)","decl":{"start":{"line":44,"column":2},"end":{"line":44,"column":3}},"loc":{"start":{"line":44,"column":35},"end":{"line":59,"column":3}},"line":44},"3":{"name":"(anonymous_3)","decl":{"start":{"line":61,"column":2},"end":{"line":61,"column":3}},"loc":{"start":{"line":61,"column":37},"end":{"line":69,"column":3}},"line":61},"4":{"name":"(anonymous_4)","decl":{"start":{"line":64,"column":40},"end":{"line":64,"column":41}},"loc":{"start":{"line":64,"column":52},"end":{"line":68,"column":5}},"line":64},"5":{"name":"(anonymous_5)","decl":{"start":{"line":71,"column":2},"end":{"line":71,"column":3}},"loc":{"start":{"line":71,"column":47},"end":{"line":82,"column":3}},"line":71},"6":{"name":"(anonymous_6)","decl":{"start":{"line":76,"column":42},"end":{"line":76,"column":43}},"loc":{"start":{"line":76,"column":54},"end":{"line":80,"column":7}},"line":76},"7":{"name":"(anonymous_7)","decl":{"start":{"line":84,"column":2},"end":{"line":84,"column":3}},"loc":{"start":{"line":84,"column":20},"end":{"line":89,"column":3}},"line":84},"8":{"name":"(anonymous_8)","decl":{"start":{"line":85,"column":40},"end":{"line":85,"column":41}},"loc":{"start":{"line":85,"column":52},"end":{"line":87,"column":5}},"line":85}},"branchMap":{"0":{"loc":{"start":{"line":17,"column":13},"end":{"line":17,"column":40}},"type":"default-arg","locations":[{"start":{"line":17,"column":35},"end":{"line":17,"column":40}}],"line":17},"1":{"loc":{"start":{"line":17,"column":42},"end":{"line":17,"column":61}},"type":"default-arg","locations":[{"start":{"line":17,"column":58},"end":{"line":17,"column":61}}],"line":17},"2":{"loc":{"start":{"line":34,"column":6},"end":{"line":38,"column":7}},"type":"if","locations":[{"start":{"line":34,"column":6},"end":{"line":38,"column":7}},{"start":{},"end":{}}],"line":34},"3":{"loc":{"start":{"line":36,"column":24},"end":{"line":36,"column":60}},"type":"cond-expr","locations":[{"start":{"line":36,"column":39},"end":{"line":36,"column":40}},{"start":{"line":36,"column":43},"end":{"line":36,"column":60}}],"line":36},"4":{"loc":{"start":{"line":45,"column":4},"end":{"line":45,"column":29}},"type":"if","locations":[{"start":{"line":45,"column":4},"end":{"line":45,"column":29}},{"start":{},"end":{}}],"line":45},"5":{"loc":{"start":{"line":48,"column":4},"end":{"line":58,"column":5}},"type":"if","locations":[{"start":{"line":48,"column":4},"end":{"line":58,"column":5}},{"start":{"line":56,"column":11},"end":{"line":58,"column":5}}],"line":48},"6":{"loc":{"start":{"line":65,"column":6},"end":{"line":67,"column":7}},"type":"if","locations":[{"start":{"line":65,"column":6},"end":{"line":67,"column":7}},{"start":{},"end":{}}],"line":65},"7":{"loc":{"start":{"line":66,"column":24},"end":{"line":66,"column":55}},"type":"cond-expr","locations":[{"start":{"line":66,"column":34},"end":{"line":66,"column":35}},{"start":{"line":66,"column":38},"end":{"line":66,"column":55}}],"line":66},"8":{"loc":{"start":{"line":75,"column":4},"end":{"line":81,"column":5}},"type":"if","locations":[{"start":{"line":75,"column":4},"end":{"line":81,"column":5}},{"start":{},"end":{}}],"line":75},"9":{"loc":{"start":{"line":77,"column":8},"end":{"line":79,"column":9}},"type":"if","locations":[{"start":{"line":77,"column":8},"end":{"line":79,"column":9}},{"start":{},"end":{}}],"line":77}},"s":{"0":0,"1":0,"2":0,"3":0,"4":0,"5":0,"6":0,"7":0,"8":0,"9":0,"10":0,"11":0,"12":0,"13":0,"14":0,"15":0,"16":0,"17":0,"18":0,"19":0,"20":0,"21":0,"22":0,"23":0,"24":0,"25":0,"26":0,"27":0,"28":0,"29":0,"30":0,"31":0,"32":0,"33":0,"34":0,"35":0,"36":0,"37":0},"f":{"0":0,"1":0,"2":0,"3":0,"4":0,"5":0,"6":0,"7":0,"8":0},"b":{"0":[0],"1":[0],"2":[0,0],"3":[0,0],"4":[0,0],"5":[0,0],"6":[0,0],"7":[0,0],"8":[0,0],"9":[0,0]}}
,"C:\\Users\\jordi\\Desktop\\Mobile\\HydroFlow\\hydraflow-app\\services\\notifications.ts": {"path":"C:\\Users\\jordi\\Desktop\\Mobile\\HydroFlow\\hydraflow-app\\services\\notifications.ts","statementMap":{"0":{"start":{"line":5,"column":0},"end":{"line":12,"column":3}},"1":{"start":{"line":6,"column":35},"end":{"line":11,"column":3}},"2":{"start":{"line":14,"column":46},"end":{"line":18,"column":1}},"3":{"start":{"line":20,"column":27},"end":{"line":20,"column":48}},"4":{"start":{"line":42,"column":27},"end":{"line":50,"column":1}},"5":{"start":{"line":47,"column":15},"end":{"line":47,"column":96}},"6":{"start":{"line":48,"column":17},"end":{"line":48,"column":102}},"7":{"start":{"line":49,"column":2},"end":{"line":49,"column":26}},"8":{"start":{"line":52,"column":28},"end":{"line":67,"column":1}},"9":{"start":{"line":53,"column":2},"end":{"line":53,"column":40}},"10":{"start":{"line":53,"column":33},"end":{"line":53,"column":40}},"11":{"start":{"line":55,"column":2},"end":{"line":66,"column":3}},"12":{"start":{"line":56,"column":4},"end":{"line":63,"column":7}},"13":{"start":{"line":65,"column":4},"end":{"line":65,"column":64}},"14":{"start":{"line":69,"column":35},"end":{"line":87,"column":1}},"15":{"start":{"line":74,"column":22},"end":{"line":74,"column":58}},"16":{"start":{"line":75,"column":23},"end":{"line":75,"column":61}},"17":{"start":{"line":77,"column":30},"end":{"line":77,"column":32}},"18":{"start":{"line":78,"column":23},"end":{"line":78,"column":52}},"19":{"start":{"line":80,"column":2},"end":{"line":85,"column":3}},"20":{"start":{"line":81,"column":17},"end":{"line":81,"column":48}},"21":{"start":{"line":82,"column":19},"end":{"line":82,"column":38}},"22":{"start":{"line":83,"column":4},"end":{"line":83,"column":33}},"23":{"start":{"line":84,"column":4},"end":{"line":84,"column":38}},"24":{"start":{"line":86,"column":2},"end":{"line":86,"column":15}},"25":{"start":{"line":89,"column":35},"end":{"line":123,"column":1}},"26":{"start":{"line":94,"column":25},"end":{"line":94,"column":51}},"27":{"start":{"line":96,"column":2},"end":{"line":96,"column":37}},"28":{"start":{"line":96,"column":27},"end":{"line":96,"column":37}},"29":{"start":{"line":98,"column":21},"end":{"line":98,"column":52}},"30":{"start":{"line":100,"column":14},"end":{"line":100,"column":24}},"31":{"start":{"line":101,"column":25},"end":{"line":101,"column":63}},"32":{"start":{"line":102,"column":23},"end":{"line":102,"column":61}},"33":{"start":{"line":104,"column":2},"end":{"line":104,"column":53}},"34":{"start":{"line":104,"column":43},"end":{"line":104,"column":53}},"35":{"start":{"line":106,"column":27},"end":{"line":106,"column":56}},"36":{"start":{"line":107,"column":29},"end":{"line":107,"column":84}},"37":{"start":{"line":109,"column":30},"end":{"line":109,"column":32}},"38":{"start":{"line":110,"column":31},"end":{"line":110,"column":66}},"39":{"start":{"line":112,"column":2},"end":{"line":121,"column":3}},"40":{"start":{"line":112,"column":15},"end":{"line":112,"column":16}},"41":{"start":{"line":113,"column":4},"end":{"line":113,"column":54}},"42":{"start":{"line":113,"column":48},"end":{"line":113,"column":54}},"43":{"start":{"line":115,"column":17},"end":{"line":115,"column":56}},"44":{"start":{"line":116,"column":19},"end":{"line":116,"column":46}},"45":{"start":{"line":117,"column":27},"end":{"line":117,"column":56}},"46":{"start":{"line":119,"column":4},"end":{"line":119,"column":49}},"47":{"start":{"line":120,"column":4},"end":{"line":120,"column":49}},"48":{"start":{"line":122,"column":2},"end":{"line":122,"column":15}},"49":{"start":{"line":125,"column":35},"end":{"line":157,"column":1}},"50":{"start":{"line":131,"column":2},"end":{"line":156,"column":3}},"51":{"start":{"line":132,"column":27},"end":{"line":147,"column":6}},"52":{"start":{"line":149,"column":4},"end":{"line":149,"column":26}},"53":{"start":{"line":151,"column":4},"end":{"line":154,"column":6}},"54":{"start":{"line":155,"column":4},"end":{"line":155,"column":16}},"55":{"start":{"line":159,"column":35},"end":{"line":275,"column":1}},"56":{"start":{"line":161,"column":4},"end":{"line":180,"column":5}},"57":{"start":{"line":162,"column":41},"end":{"line":162,"column":82}},"58":{"start":{"line":163,"column":24},"end":{"line":163,"column":38}},"59":{"start":{"line":165,"column":6},"end":{"line":168,"column":7}},"60":{"start":{"line":166,"column":27},"end":{"line":166,"column":72}},"61":{"start":{"line":167,"column":8},"end":{"line":167,"column":29}},"62":{"start":{"line":170,"column":6},"end":{"line":173,"column":7}},"63":{"start":{"line":171,"column":8},"end":{"line":171,"column":63}},"64":{"start":{"line":172,"column":8},"end":{"line":172,"column":21}},"65":{"start":{"line":175,"column":6},"end":{"line":175,"column":34}},"66":{"start":{"line":176,"column":6},"end":{"line":176,"column":18}},"67":{"start":{"line":178,"column":6},"end":{"line":178,"column":60}},"68":{"start":{"line":179,"column":6},"end":{"line":179,"column":19}},"69":{"start":{"line":188,"column":4},"end":{"line":250,"column":5}},"70":{"start":{"line":189,"column":6},"end":{"line":192,"column":7}},"71":{"start":{"line":190,"column":8},"end":{"line":190,"column":46}},"72":{"start":{"line":191,"column":8},"end":{"line":191,"column":87}},"73":{"start":{"line":194,"column":28},"end":{"line":194,"column":74}},"74":{"start":{"line":195,"column":6},"end":{"line":195,"column":67}},"75":{"start":{"line":195,"column":26},"end":{"line":195,"column":67}},"76":{"start":{"line":197,"column":6},"end":{"line":197,"column":62}},"77":{"start":{"line":198,"column":6},"end":{"line":198,"column":44}},"78":{"start":{"line":200,"column":23},"end":{"line":200,"column":66}},"79":{"start":{"line":201,"column":24},"end":{"line":201,"column":69}},"80":{"start":{"line":203,"column":22},"end":{"line":203,"column":65}},"81":{"start":{"line":204,"column":26},"end":{"line":204,"column":45}},"82":{"start":{"line":206,"column":26},"end":{"line":206,"column":62}},"83":{"start":{"line":207,"column":27},"end":{"line":207,"column":65}},"84":{"start":{"line":208,"column":6},"end":{"line":210,"column":7}},"85":{"start":{"line":209,"column":8},"end":{"line":209,"column":72}},"86":{"start":{"line":212,"column":40},"end":{"line":212,"column":42}},"87":{"start":{"line":213,"column":25},"end":{"line":213,"column":29}},"88":{"start":{"line":215,"column":6},"end":{"line":222,"column":7}},"89":{"start":{"line":216,"column":8},"end":{"line":216,"column":89}},"90":{"start":{"line":217,"column":8},"end":{"line":217,"column":29}},"91":{"start":{"line":219,"column":32},"end":{"line":219,"column":60}},"92":{"start":{"line":220,"column":8},"end":{"line":220,"column":89}},"93":{"start":{"line":221,"column":8},"end":{"line":221,"column":28}},"94":{"start":{"line":224,"column":6},"end":{"line":226,"column":7}},"95":{"start":{"line":225,"column":8},"end":{"line":225,"column":100}},"96":{"start":{"line":228,"column":22},"end":{"line":232,"column":7}},"97":{"start":{"line":230,"column":10},"end":{"line":230,"column":84}},"98":{"start":{"line":234,"column":29},"end":{"line":234,"column":71}},"99":{"start":{"line":234,"column":52},"end":{"line":234,"column":63}},"100":{"start":{"line":236,"column":6},"end":{"line":236,"column":62}},"101":{"start":{"line":238,"column":6},"end":{"line":242,"column":8}},"102":{"start":{"line":244,"column":6},"end":{"line":244,"column":60}},"103":{"start":{"line":245,"column":6},"end":{"line":249,"column":8}},"104":{"start":{"line":254,"column":4},"end":{"line":261,"column":5}},"105":{"start":{"line":255,"column":6},"end":{"line":255,"column":62}},"106":{"start":{"line":256,"column":6},"end":{"line":256,"column":65}},"107":{"start":{"line":257,"column":6},"end":{"line":257,"column":31}},"108":{"start":{"line":259,"column":6},"end":{"line":259,"column":65}},"109":{"start":{"line":260,"column":6},"end":{"line":260,"column":39}},"110":{"start":{"line":265,"column":22},"end":{"line":265,"column":77}},"111":{"start":{"line":266,"column":4},"end":{"line":272,"column":6}},"112":{"start":{"line":269,"column":24},"end":{"line":269,"column":71}},"113":{"start":{"line":270,"column":8},"end":{"line":270,"column":76}},"114":{"start":{"line":273,"column":4},"end":{"line":273,"column":21}}},"fnMap":{"0":{"name":"(anonymous_0)","decl":{"start":{"line":6,"column":22},"end":{"line":6,"column":23}},"loc":{"start":{"line":6,"column":35},"end":{"line":11,"column":3}},"line":6},"1":{"name":"(anonymous_1)","decl":{"start":{"line":42,"column":27},"end":{"line":42,"column":28}},"loc":{"start":{"line":46,"column":17},"end":{"line":50,"column":1}},"line":46},"2":{"name":"(anonymous_2)","decl":{"start":{"line":52,"column":28},"end":{"line":52,"column":29}},"loc":{"start":{"line":52,"column":55},"end":{"line":67,"column":1}},"line":52},"3":{"name":"(anonymous_3)","decl":{"start":{"line":69,"column":35},"end":{"line":69,"column":36}},"loc":{"start":{"line":73,"column":19},"end":{"line":87,"column":1}},"line":73},"4":{"name":"(anonymous_4)","decl":{"start":{"line":89,"column":35},"end":{"line":89,"column":36}},"loc":{"start":{"line":93,"column":19},"end":{"line":123,"column":1}},"line":93},"5":{"name":"(anonymous_5)","decl":{"start":{"line":125,"column":35},"end":{"line":125,"column":36}},"loc":{"start":{"line":130,"column":29},"end":{"line":157,"column":1}},"line":130},"6":{"name":"(anonymous_6)","decl":{"start":{"line":160,"column":22},"end":{"line":160,"column":23}},"loc":{"start":{"line":160,"column":52},"end":{"line":181,"column":3}},"line":160},"7":{"name":"(anonymous_7)","decl":{"start":{"line":183,"column":21},"end":{"line":183,"column":22}},"loc":{"start":{"line":187,"column":44},"end":{"line":251,"column":3}},"line":187},"8":{"name":"(anonymous_8)","decl":{"start":{"line":229,"column":26},"end":{"line":229,"column":27}},"loc":{"start":{"line":230,"column":10},"end":{"line":230,"column":84}},"line":230},"9":{"name":"(anonymous_9)","decl":{"start":{"line":234,"column":44},"end":{"line":234,"column":45}},"loc":{"start":{"line":234,"column":52},"end":{"line":234,"column":63}},"line":234},"10":{"name":"(anonymous_10)","decl":{"start":{"line":253,"column":13},"end":{"line":253,"column":14}},"loc":{"start":{"line":253,"column":60},"end":{"line":262,"column":3}},"line":253},"11":{"name":"(anonymous_11)","decl":{"start":{"line":264,"column":19},"end":{"line":264,"column":20}},"loc":{"start":{"line":264,"column":77},"end":{"line":274,"column":3}},"line":264},"12":{"name":"(anonymous_12)","decl":{"start":{"line":268,"column":20},"end":{"line":268,"column":21}},"loc":{"start":{"line":268,"column":27},"end":{"line":271,"column":7}},"line":268}},"branchMap":{"0":{"loc":{"start":{"line":47,"column":56},"end":{"line":47,"column":88}},"type":"binary-expr","locations":[{"start":{"line":47,"column":56},"end":{"line":47,"column":73}},{"start":{"line":47,"column":77},"end":{"line":47,"column":88}}],"line":47},"1":{"loc":{"start":{"line":48,"column":58},"end":{"line":48,"column":94}},"type":"binary-expr","locations":[{"start":{"line":48,"column":58},"end":{"line":48,"column":77}},{"start":{"line":48,"column":81},"end":{"line":48,"column":94}}],"line":48},"2":{"loc":{"start":{"line":53,"column":2},"end":{"line":53,"column":40}},"type":"if","locations":[{"start":{"line":53,"column":2},"end":{"line":53,"column":40}},{"start":{},"end":{}}],"line":53},"3":{"loc":{"start":{"line":96,"column":2},"end":{"line":96,"column":37}},"type":"if","locations":[{"start":{"line":96,"column":2},"end":{"line":96,"column":37}},{"start":{},"end":{}}],"line":96},"4":{"loc":{"start":{"line":104,"column":2},"end":{"line":104,"column":53}},"type":"if","locations":[{"start":{"line":104,"column":2},"end":{"line":104,"column":53}},{"start":{},"end":{}}],"line":104},"5":{"loc":{"start":{"line":113,"column":4},"end":{"line":113,"column":54}},"type":"if","locations":[{"start":{"line":113,"column":4},"end":{"line":113,"column":54}},{"start":{},"end":{}}],"line":113},"6":{"loc":{"start":{"line":117,"column":27},"end":{"line":117,"column":56}},"type":"cond-expr","locations":[{"start":{"line":117,"column":40},"end":{"line":117,"column":49}},{"start":{"line":117,"column":52},"end":{"line":117,"column":56}}],"line":117},"7":{"loc":{"start":{"line":139,"column":12},"end":{"line":139,"column":54}},"type":"binary-expr","locations":[{"start":{"line":139,"column":12},"end":{"line":139,"column":37}},{"start":{"line":139,"column":41},"end":{"line":139,"column":54}}],"line":139},"8":{"loc":{"start":{"line":165,"column":6},"end":{"line":168,"column":7}},"type":"if","locations":[{"start":{"line":165,"column":6},"end":{"line":168,"column":7}},{"start":{},"end":{}}],"line":165},"9":{"loc":{"start":{"line":170,"column":6},"end":{"line":173,"column":7}},"type":"if","locations":[{"start":{"line":170,"column":6},"end":{"line":173,"column":7}},{"start":{},"end":{}}],"line":170},"10":{"loc":{"start":{"line":185,"column":4},"end":{"line":185,"column":20}},"type":"default-arg","locations":[{"start":{"line":185,"column":16},"end":{"line":185,"column":20}}],"line":185},"11":{"loc":{"start":{"line":186,"column":4},"end":{"line":186,"column":22}},"type":"default-arg","locations":[{"start":{"line":186,"column":21},"end":{"line":186,"column":22}}],"line":186},"12":{"loc":{"start":{"line":189,"column":6},"end":{"line":192,"column":7}},"type":"if","locations":[{"start":{"line":189,"column":6},"end":{"line":192,"column":7}},{"start":{},"end":{}}],"line":189},"13":{"loc":{"start":{"line":195,"column":6},"end":{"line":195,"column":67}},"type":"if","locations":[{"start":{"line":195,"column":6},"end":{"line":195,"column":67}},{"start":{},"end":{}}],"line":195},"14":{"loc":{"start":{"line":203,"column":22},"end":{"line":203,"column":65}},"type":"binary-expr","locations":[{"start":{"line":203,"column":22},"end":{"line":203,"column":54}},{"start":{"line":203,"column":58},"end":{"line":203,"column":65}}],"line":203},"15":{"loc":{"start":{"line":208,"column":6},"end":{"line":210,"column":7}},"type":"if","locations":[{"start":{"line":208,"column":6},"end":{"line":210,"column":7}},{"start":{},"end":{}}],"line":208},"16":{"loc":{"start":{"line":215,"column":6},"end":{"line":222,"column":7}},"type":"if","locations":[{"start":{"line":215,"column":6},"end":{"line":222,"column":7}},{"start":{"line":218,"column":13},"end":{"line":222,"column":7}}],"line":215},"17":{"loc":{"start":{"line":219,"column":32},"end":{"line":219,"column":60}},"type":"binary-expr","locations":[{"start":{"line":219,"column":32},"end":{"line":219,"column":54}},{"start":{"line":219,"column":58},"end":{"line":219,"column":60}}],"line":219},"18":{"loc":{"start":{"line":224,"column":6},"end":{"line":226,"column":7}},"type":"if","locations":[{"start":{"line":224,"column":6},"end":{"line":226,"column":7}},{"start":{},"end":{}}],"line":224},"19":{"loc":{"start":{"line":241,"column":65},"end":{"line":241,"column":96}},"type":"cond-expr","locations":[{"start":{"line":241,"column":79},"end":{"line":241,"column":84}},{"start":{"line":241,"column":87},"end":{"line":241,"column":96}}],"line":241},"20":{"loc":{"start":{"line":248,"column":17},"end":{"line":248,"column":71}},"type":"cond-expr","locations":[{"start":{"line":248,"column":42},"end":{"line":248,"column":55}},{"start":{"line":248,"column":58},"end":{"line":248,"column":71}}],"line":248}},"s":{"0":0,"1":0,"2":0,"3":0,"4":0,"5":0,"6":0,"7":0,"8":0,"9":0,"10":0,"11":0,"12":0,"13":0,"14":0,"15":0,"16":0,"17":0,"18":0,"19":0,"20":0,"21":0,"22":0,"23":0,"24":0,"25":0,"26":0,"27":0,"28":0,"29":0,"30":0,"31":0,"32":0,"33":0,"34":0,"35":0,"36":0,"37":0,"38":0,"39":0,"40":0,"41":0,"42":0,"43":0,"44":0,"45":0,"46":0,"47":0,"48":0,"49":0,"50":0,"51":0,"52":0,"53":0,"54":0,"55":0,"56":0,"57":0,"58":0,"59":0,"60":0,"61":0,"62":0,"63":0,"64":0,"65":0,"66":0,"67":0,"68":0,"69":0,"70":0,"71":0,"72":0,"73":0,"74":0,"75":0,"76":0,"77":0,"78":0,"79":0,"80":0,"81":0,"82":0,"83":0,"84":0,"85":0,"86":0,"87":0,"88":0,"89":0,"90":0,"91":0,"92":0,"93":0,"94":0,"95":0,"96":0,"97":0,"98":0,"99":0,"100":0,"101":0,"102":0,"103":0,"104":0,"105":0,"106":0,"107":0,"108":0,"109":0,"110":0,"111":0,"112":0,"113":0,"114":0},"f":{"0":0,"1":0,"2":0,"3":0,"4":0,"5":0,"6":0,"7":0,"8":0,"9":0,"10":0,"11":0,"12":0},"b":{"0":[0,0],"1":[0,0],"2":[0,0],"3":[0,0],"4":[0,0],"5":[0,0],"6":[0,0],"7":[0,0],"8":[0,0],"9":[0,0],"10":[0],"11":[0],"12":[0,0],"13":[0,0],"14":[0,0],"15":[0,0],"16":[0,0],"17":[0,0],"18":[0,0],"19":[0,0],"20":[0,0]}}
,"C:\\Users\\jordi\\Desktop\\Mobile\\HydroFlow\\hydraflow-app\\services\\offline.ts": {"path":"C:\\Users\\jordi\\Desktop\\Mobile\\HydroFlow\\hydraflow-app\\services\\offline.ts","statementMap":{"0":{"start":{"line":5,"column":18},"end":{"line":5,"column":40}},"1":{"start":{"line":7,"column":17},"end":{"line":13,"column":1}},"2":{"start":{"line":8,"column":2},"end":{"line":12,"column":3}},"3":{"start":{"line":9,"column":4},"end":{"line":9,"column":31}},"4":{"start":{"line":11,"column":4},"end":{"line":11,"column":70}},"5":{"start":{"line":15,"column":30},"end":{"line":81,"column":1}},"6":{"start":{"line":17,"column":4},"end":{"line":31,"column":5}},"7":{"start":{"line":18,"column":27},"end":{"line":18,"column":58}},"8":{"start":{"line":19,"column":46},"end":{"line":26,"column":7}},"9":{"start":{"line":28,"column":6},"end":{"line":28,"column":70}},"10":{"start":{"line":30,"column":6},"end":{"line":30,"column":55}},"11":{"start":{"line":35,"column":4},"end":{"line":40,"column":5}},"12":{"start":{"line":36,"column":19},"end":{"line":36,"column":56}},"13":{"start":{"line":37,"column":6},"end":{"line":37,"column":69}},"14":{"start":{"line":39,"column":6},"end":{"line":39,"column":16}},"15":{"start":{"line":44,"column":4},"end":{"line":48,"column":5}},"16":{"start":{"line":45,"column":6},"end":{"line":45,"column":47}},"17":{"start":{"line":47,"column":6},"end":{"line":47,"column":52}},"18":{"start":{"line":52,"column":4},"end":{"line":58,"column":5}},"19":{"start":{"line":53,"column":20},"end":{"line":53,"column":51}},"20":{"start":{"line":54,"column":23},"end":{"line":54,"column":61}},"21":{"start":{"line":54,"column":46},"end":{"line":54,"column":60}},"22":{"start":{"line":55,"column":6},"end":{"line":55,"column":70}},"23":{"start":{"line":57,"column":6},"end":{"line":57,"column":58}},"24":{"start":{"line":65,"column":4},"end":{"line":79,"column":5}},"25":{"start":{"line":66,"column":20},"end":{"line":66,"column":51}},"26":{"start":{"line":67,"column":6},"end":{"line":74,"column":7}},"27":{"start":{"line":67,"column":19},"end":{"line":67,"column":35}},"28":{"start":{"line":68,"column":8},"end":{"line":73,"column":9}},"29":{"start":{"line":69,"column":26},"end":{"line":69,"column":34}},"30":{"start":{"line":70,"column":10},"end":{"line":70,"column":29}},"31":{"start":{"line":71,"column":10},"end":{"line":71,"column":71}},"32":{"start":{"line":72,"column":10},"end":{"line":72,"column":65}},"33":{"start":{"line":75,"column":6},"end":{"line":75,"column":18}},"34":{"start":{"line":77,"column":6},"end":{"line":77,"column":68}},"35":{"start":{"line":78,"column":6},"end":{"line":78,"column":18}}},"fnMap":{"0":{"name":"(anonymous_0)","decl":{"start":{"line":7,"column":17},"end":{"line":7,"column":18}},"loc":{"start":{"line":7,"column":31},"end":{"line":13,"column":1}},"line":7},"1":{"name":"(anonymous_1)","decl":{"start":{"line":16,"column":14},"end":{"line":16,"column":15}},"loc":{"start":{"line":16,"column":67},"end":{"line":32,"column":3}},"line":16},"2":{"name":"(anonymous_2)","decl":{"start":{"line":34,"column":12},"end":{"line":34,"column":13}},"loc":{"start":{"line":34,"column":56},"end":{"line":41,"column":3}},"line":34},"3":{"name":"(anonymous_3)","decl":{"start":{"line":43,"column":14},"end":{"line":43,"column":15}},"loc":{"start":{"line":43,"column":41},"end":{"line":49,"column":3}},"line":43},"4":{"name":"(anonymous_4)","decl":{"start":{"line":51,"column":19},"end":{"line":51,"column":20}},"loc":{"start":{"line":51,"column":56},"end":{"line":59,"column":3}},"line":51},"5":{"name":"(anonymous_5)","decl":{"start":{"line":54,"column":36},"end":{"line":54,"column":37}},"loc":{"start":{"line":54,"column":46},"end":{"line":54,"column":60}},"line":54},"6":{"name":"(anonymous_6)","decl":{"start":{"line":64,"column":29},"end":{"line":64,"column":30}},"loc":{"start":{"line":64,"column":77},"end":{"line":80,"column":3}},"line":64}},"branchMap":{"0":{"loc":{"start":{"line":37,"column":13},"end":{"line":37,"column":68}},"type":"cond-expr","locations":[{"start":{"line":37,"column":21},"end":{"line":37,"column":62}},{"start":{"line":37,"column":66},"end":{"line":37,"column":68}}],"line":37},"1":{"loc":{"start":{"line":68,"column":8},"end":{"line":73,"column":9}},"type":"if","locations":[{"start":{"line":68,"column":8},"end":{"line":73,"column":9}},{"start":{},"end":{}}],"line":68},"2":{"loc":{"start":{"line":72,"column":17},"end":{"line":72,"column":64}},"type":"binary-expr","locations":[{"start":{"line":72,"column":18},"end":{"line":72,"column":55}},{"start":{"line":72,"column":60},"end":{"line":72,"column":64}}],"line":72}},"s":{"0":2,"1":2,"2":6,"3":6,"4":0,"5":2,"6":6,"7":6,"8":6,"9":6,"10":0,"11":38,"12":38,"13":38,"14":1,"15":1,"16":1,"17":0,"18":7,"19":7,"20":7,"21":13,"22":7,"23":0,"24":4,"25":4,"26":4,"27":4,"28":4,"29":2,"30":2,"31":2,"32":2,"33":2,"34":0,"35":0},"f":{"0":6,"1":6,"2":38,"3":1,"4":7,"5":13,"6":4},"b":{"0":[30,8],"1":[2,2],"2":[2,0]},"_coverageSchema":"1a1c01bbd47fc00a2c39e90264f33305004495a9","hash":"4db3701b32c71d6936aeb5bb2ef5f0f90a60cfda"}
,"C:\\Users\\jordi\\Desktop\\Mobile\\HydroFlow\\hydraflow-app\\services\\profileMapping.ts": {"path":"C:\\Users\\jordi\\Desktop\\Mobile\\HydroFlow\\hydraflow-app\\services\\profileMapping.ts","statementMap":{"0":{"start":{"line":9,"column":40},"end":{"line":19,"column":1}},"1":{"start":{"line":21,"column":49},"end":{"line":51,"column":1}},"2":{"start":{"line":53,"column":28},"end":{"line":67,"column":1}},"3":{"start":{"line":54,"column":2},"end":{"line":54,"column":46}},"4":{"start":{"line":54,"column":18},"end":{"line":54,"column":46}},"5":{"start":{"line":56,"column":2},"end":{"line":66,"column":4}},"6":{"start":{"line":69,"column":37},"end":{"line":92,"column":1}},"7":{"start":{"line":72,"column":2},"end":{"line":72,"column":82}},"8":{"start":{"line":72,"column":47},"end":{"line":72,"column":82}},"9":{"start":{"line":74,"column":12},"end":{"line":74,"column":43}},"10":{"start":{"line":76,"column":2},"end":{"line":91,"column":4}},"11":{"start":{"line":94,"column":36},"end":{"line":149,"column":1}},"12":{"start":{"line":95,"column":16},"end":{"line":95,"column":54}},"13":{"start":{"line":95,"column":45},"end":{"line":95,"column":53}},"14":{"start":{"line":96,"column":19},"end":{"line":96,"column":85}},"15":{"start":{"line":96,"column":51},"end":{"line":96,"column":63}},"16":{"start":{"line":96,"column":76},"end":{"line":96,"column":84}},"17":{"start":{"line":99,"column":4},"end":{"line":102,"column":13}},"18":{"start":{"line":99,"column":42},"end":{"line":102,"column":5}},"19":{"start":{"line":104,"column":24},"end":{"line":117,"column":3}},"20":{"start":{"line":119,"column":19},"end":{"line":119,"column":87}},"21":{"start":{"line":120,"column":22},"end":{"line":127,"column":33}},"22":{"start":{"line":129,"column":2},"end":{"line":148,"column":4}},"23":{"start":{"line":151,"column":34},"end":{"line":162,"column":2}},"24":{"start":{"line":151,"column":54},"end":{"line":162,"column":1}},"25":{"start":{"line":164,"column":33},"end":{"line":185,"column":1}},"26":{"start":{"line":168,"column":36},"end":{"line":168,"column":74}},"27":{"start":{"line":170,"column":2},"end":{"line":175,"column":3}},"28":{"start":{"line":171,"column":4},"end":{"line":174,"column":6}},"29":{"start":{"line":177,"column":2},"end":{"line":182,"column":3}},"30":{"start":{"line":178,"column":4},"end":{"line":181,"column":6}},"31":{"start":{"line":184,"column":2},"end":{"line":184,"column":24}},"32":{"start":{"line":187,"column":34},"end":{"line":216,"column":1}},"33":{"start":{"line":190,"column":12},"end":{"line":190,"column":13}},"34":{"start":{"line":192,"column":17},"end":{"line":192,"column":56}},"35":{"start":{"line":193,"column":17},"end":{"line":193,"column":56}},"36":{"start":{"line":194,"column":14},"end":{"line":194,"column":50}},"37":{"start":{"line":196,"column":2},"end":{"line":202,"column":3}},"38":{"start":{"line":197,"column":4},"end":{"line":197,"column":52}},"39":{"start":{"line":198,"column":9},"end":{"line":202,"column":3}},"40":{"start":{"line":199,"column":4},"end":{"line":199,"column":54}},"41":{"start":{"line":201,"column":4},"end":{"line":201,"column":53}},"42":{"start":{"line":204,"column":15},"end":{"line":204,"column":18}},"43":{"start":{"line":205,"column":2},"end":{"line":213,"column":3}},"44":{"start":{"line":206,"column":4},"end":{"line":206,"column":17}},"45":{"start":{"line":207,"column":9},"end":{"line":213,"column":3}},"46":{"start":{"line":208,"column":4},"end":{"line":208,"column":19}},"47":{"start":{"line":209,"column":9},"end":{"line":213,"column":3}},"48":{"start":{"line":210,"column":4},"end":{"line":210,"column":18}},"49":{"start":{"line":211,"column":9},"end":{"line":213,"column":3}},"50":{"start":{"line":212,"column":4},"end":{"line":212,"column":19}},"51":{"start":{"line":215,"column":2},"end":{"line":215,"column":48}}},"fnMap":{"0":{"name":"(anonymous_0)","decl":{"start":{"line":53,"column":28},"end":{"line":53,"column":29}},"loc":{"start":{"line":53,"column":72},"end":{"line":67,"column":1}},"line":53},"1":{"name":"(anonymous_1)","decl":{"start":{"line":69,"column":37},"end":{"line":69,"column":38}},"loc":{"start":{"line":71,"column":37},"end":{"line":92,"column":1}},"line":71},"2":{"name":"(anonymous_2)","decl":{"start":{"line":94,"column":36},"end":{"line":94,"column":37}},"loc":{"start":{"line":94,"column":79},"end":{"line":149,"column":1}},"line":94},"3":{"name":"(anonymous_3)","decl":{"start":{"line":95,"column":38},"end":{"line":95,"column":39}},"loc":{"start":{"line":95,"column":45},"end":{"line":95,"column":53}},"line":95},"4":{"name":"(anonymous_4)","decl":{"start":{"line":96,"column":44},"end":{"line":96,"column":45}},"loc":{"start":{"line":96,"column":51},"end":{"line":96,"column":63}},"line":96},"5":{"name":"(anonymous_5)","decl":{"start":{"line":96,"column":69},"end":{"line":96,"column":70}},"loc":{"start":{"line":96,"column":76},"end":{"line":96,"column":84}},"line":96},"6":{"name":"(anonymous_6)","decl":{"start":{"line":99,"column":34},"end":{"line":99,"column":35}},"loc":{"start":{"line":99,"column":42},"end":{"line":102,"column":5}},"line":99},"7":{"name":"(anonymous_7)","decl":{"start":{"line":151,"column":34},"end":{"line":151,"column":35}},"loc":{"start":{"line":151,"column":54},"end":{"line":162,"column":1}},"line":151},"8":{"name":"(anonymous_8)","decl":{"start":{"line":164,"column":33},"end":{"line":164,"column":34}},"loc":{"start":{"line":167,"column":18},"end":{"line":185,"column":1}},"line":167},"9":{"name":"(anonymous_9)","decl":{"start":{"line":187,"column":34},"end":{"line":187,"column":35}},"loc":{"start":{"line":189,"column":13},"end":{"line":216,"column":1}},"line":189}},"branchMap":{"0":{"loc":{"start":{"line":54,"column":2},"end":{"line":54,"column":46}},"type":"if","locations":[{"start":{"line":54,"column":2},"end":{"line":54,"column":46}},{"start":{},"end":{}}],"line":54},"1":{"loc":{"start":{"line":57,"column":11},"end":{"line":57,"column":49}},"type":"binary-expr","locations":[{"start":{"line":57,"column":11},"end":{"line":57,"column":26}},{"start":{"line":57,"column":30},"end":{"line":57,"column":49}}],"line":57},"2":{"loc":{"start":{"line":58,"column":15},"end":{"line":58,"column":61}},"type":"binary-expr","locations":[{"start":{"line":58,"column":15},"end":{"line":58,"column":34}},{"start":{"line":58,"column":38},"end":{"line":58,"column":61}}],"line":58},"3":{"loc":{"start":{"line":59,"column":14},"end":{"line":59,"column":58}},"type":"binary-expr","locations":[{"start":{"line":59,"column":14},"end":{"line":59,"column":32}},{"start":{"line":59,"column":36},"end":{"line":59,"column":58}}],"line":59},"4":{"loc":{"start":{"line":60,"column":18},"end":{"line":60,"column":70}},"type":"binary-expr","locations":[{"start":{"line":60,"column":18},"end":{"line":60,"column":40}},{"start":{"line":60,"column":44},"end":{"line":60,"column":70}}],"line":60},"5":{"loc":{"start":{"line":61,"column":16},"end":{"line":61,"column":64}},"type":"binary-expr","locations":[{"start":{"line":61,"column":16},"end":{"line":61,"column":36}},{"start":{"line":61,"column":40},"end":{"line":61,"column":64}}],"line":61},"6":{"loc":{"start":{"line":62,"column":19},"end":{"line":62,"column":73}},"type":"binary-expr","locations":[{"start":{"line":62,"column":19},"end":{"line":62,"column":42}},{"start":{"line":62,"column":46},"end":{"line":62,"column":73}}],"line":62},"7":{"loc":{"start":{"line":63,"column":23},"end":{"line":63,"column":85}},"type":"binary-expr","locations":[{"start":{"line":63,"column":23},"end":{"line":63,"column":50}},{"start":{"line":63,"column":54},"end":{"line":63,"column":85}}],"line":63},"8":{"loc":{"start":{"line":64,"column":23},"end":{"line":64,"column":85}},"type":"binary-expr","locations":[{"start":{"line":64,"column":23},"end":{"line":64,"column":50}},{"start":{"line":64,"column":54},"end":{"line":64,"column":85}}],"line":64},"9":{"loc":{"start":{"line":65,"column":17},"end":{"line":65,"column":67}},"type":"binary-expr","locations":[{"start":{"line":65,"column":17},"end":{"line":65,"column":38}},{"start":{"line":65,"column":42},"end":{"line":65,"column":67}}],"line":65},"10":{"loc":{"start":{"line":72,"column":2},"end":{"line":72,"column":82}},"type":"if","locations":[{"start":{"line":72,"column":2},"end":{"line":72,"column":82}},{"start":{},"end":{}}],"line":72},"11":{"loc":{"start":{"line":72,"column":6},"end":{"line":72,"column":45}},"type":"binary-expr","locations":[{"start":{"line":72,"column":6},"end":{"line":72,"column":14}},{"start":{"line":72,"column":18},"end":{"line":72,"column":45}}],"line":72},"12":{"loc":{"start":{"line":80,"column":10},"end":{"line":80,"column":29}},"type":"binary-expr","locations":[{"start":{"line":80,"column":10},"end":{"line":80,"column":23}},{"start":{"line":80,"column":27},"end":{"line":80,"column":29}}],"line":80},"13":{"loc":{"start":{"line":83,"column":13},"end":{"line":83,"column":68}},"type":"binary-expr","locations":[{"start":{"line":83,"column":13},"end":{"line":83,"column":27}},{"start":{"line":83,"column":31},"end":{"line":83,"column":68}}],"line":83},"14":{"loc":{"start":{"line":84,"column":16},"end":{"line":84,"column":39}},"type":"binary-expr","locations":[{"start":{"line":84,"column":16},"end":{"line":84,"column":33}},{"start":{"line":84,"column":37},"end":{"line":84,"column":39}}],"line":84},"15":{"loc":{"start":{"line":88,"column":10},"end":{"line":88,"column":31}},"type":"binary-expr","locations":[{"start":{"line":88,"column":10},"end":{"line":88,"column":25}},{"start":{"line":88,"column":29},"end":{"line":88,"column":31}}],"line":88},"16":{"loc":{"start":{"line":90,"column":35},"end":{"line":90,"column":48}},"type":"binary-expr","locations":[{"start":{"line":90,"column":35},"end":{"line":90,"column":42}},{"start":{"line":90,"column":46},"end":{"line":90,"column":48}}],"line":90},"17":{"loc":{"start":{"line":99,"column":4},"end":{"line":102,"column":13}},"type":"binary-expr","locations":[{"start":{"line":99,"column":4},"end":{"line":102,"column":7}},{"start":{"line":102,"column":11},"end":{"line":102,"column":13}}],"line":99},"18":{"loc":{"start":{"line":105,"column":4},"end":{"line":116,"column":39}},"type":"binary-expr","locations":[{"start":{"line":105,"column":4},"end":{"line":105,"column":31}},{"start":{"line":106,"column":6},"end":{"line":106,"column":36}},{"start":{"line":107,"column":6},"end":{"line":107,"column":33}},{"start":{"line":108,"column":6},"end":{"line":108,"column":36}},{"start":{"line":109,"column":6},"end":{"line":109,"column":30}},{"start":{"line":110,"column":6},"end":{"line":110,"column":33}},{"start":{"line":111,"column":6},"end":{"line":111,"column":33}},{"start":{"line":112,"column":6},"end":{"line":112,"column":40}},{"start":{"line":113,"column":6},"end":{"line":113,"column":36}},{"start":{"line":114,"column":6},"end":{"line":114,"column":37}},{"start":{"line":115,"column":6},"end":{"line":115,"column":36}},{"start":{"line":116,"column":6},"end":{"line":116,"column":39}}],"line":105},"19":{"loc":{"start":{"line":119,"column":20},"end":{"line":119,"column":59}},"type":"binary-expr","locations":[{"start":{"line":119,"column":20},"end":{"line":119,"column":53}},{"start":{"line":119,"column":57},"end":{"line":119,"column":59}}],"line":119},"20":{"loc":{"start":{"line":124,"column":6},"end":{"line":126,"column":14}},"type":"cond-expr","locations":[{"start":{"line":125,"column":10},"end":{"line":125,"column":40}},{"start":{"line":126,"column":10},"end":{"line":126,"column":14}}],"line":124},"21":{"loc":{"start":{"line":130,"column":10},"end":{"line":130,"column":32}},"type":"binary-expr","locations":[{"start":{"line":130,"column":10},"end":{"line":130,"column":26}},{"start":{"line":130,"column":30},"end":{"line":130,"column":32}}],"line":130},"22":{"loc":{"start":{"line":132,"column":12},"end":{"line":132,"column":44}},"type":"binary-expr","locations":[{"start":{"line":132,"column":12},"end":{"line":132,"column":39}},{"start":{"line":132,"column":43},"end":{"line":132,"column":44}}],"line":132},"23":{"loc":{"start":{"line":133,"column":12},"end":{"line":133,"column":44}},"type":"binary-expr","locations":[{"start":{"line":133,"column":12},"end":{"line":133,"column":39}},{"start":{"line":133,"column":43},"end":{"line":133,"column":44}}],"line":133},"24":{"loc":{"start":{"line":134,"column":9},"end":{"line":134,"column":38}},"type":"binary-expr","locations":[{"start":{"line":134,"column":9},"end":{"line":134,"column":33}},{"start":{"line":134,"column":37},"end":{"line":134,"column":38}}],"line":134},"25":{"loc":{"start":{"line":135,"column":12},"end":{"line":135,"column":50}},"type":"binary-expr","locations":[{"start":{"line":135,"column":12},"end":{"line":135,"column":39}},{"start":{"line":135,"column":43},"end":{"line":135,"column":50}}],"line":135},"26":{"loc":{"start":{"line":136,"column":14},"end":{"line":136,"column":63}},"type":"binary-expr","locations":[{"start":{"line":136,"column":14},"end":{"line":136,"column":48}},{"start":{"line":136,"column":52},"end":{"line":136,"column":63}}],"line":136},"27":{"loc":{"start":{"line":137,"column":10},"end":{"line":137,"column":48}},"type":"binary-expr","locations":[{"start":{"line":137,"column":10},"end":{"line":137,"column":40}},{"start":{"line":137,"column":44},"end":{"line":137,"column":48}}],"line":137},"28":{"loc":{"start":{"line":138,"column":14},"end":{"line":138,"column":72}},"type":"binary-expr","locations":[{"start":{"line":138,"column":14},"end":{"line":138,"column":44}},{"start":{"line":138,"column":48},"end":{"line":138,"column":72}}],"line":138},"29":{"loc":{"start":{"line":139,"column":15},"end":{"line":139,"column":75}},"type":"binary-expr","locations":[{"start":{"line":139,"column":15},"end":{"line":139,"column":46}},{"start":{"line":139,"column":50},"end":{"line":139,"column":75}}],"line":139},"30":{"loc":{"start":{"line":141,"column":20},"end":{"line":143,"column":5}},"type":"binary-expr","locations":[{"start":{"line":141,"column":20},"end":{"line":141,"column":55}},{"start":{"line":141,"column":59},"end":{"line":143,"column":5}}],"line":141},"31":{"loc":{"start":{"line":170,"column":2},"end":{"line":175,"column":3}},"type":"if","locations":[{"start":{"line":170,"column":2},"end":{"line":175,"column":3}},{"start":{},"end":{}}],"line":170},"32":{"loc":{"start":{"line":177,"column":2},"end":{"line":182,"column":3}},"type":"if","locations":[{"start":{"line":177,"column":2},"end":{"line":182,"column":3}},{"start":{},"end":{}}],"line":177},"33":{"loc":{"start":{"line":192,"column":17},"end":{"line":192,"column":56}},"type":"binary-expr","locations":[{"start":{"line":192,"column":17},"end":{"line":192,"column":51}},{"start":{"line":192,"column":55},"end":{"line":192,"column":56}}],"line":192},"34":{"loc":{"start":{"line":193,"column":17},"end":{"line":193,"column":56}},"type":"binary-expr","locations":[{"start":{"line":193,"column":17},"end":{"line":193,"column":51}},{"start":{"line":193,"column":55},"end":{"line":193,"column":56}}],"line":193},"35":{"loc":{"start":{"line":194,"column":14},"end":{"line":194,"column":50}},"type":"binary-expr","locations":[{"start":{"line":194,"column":14},"end":{"line":194,"column":45}},{"start":{"line":194,"column":49},"end":{"line":194,"column":50}}],"line":194},"36":{"loc":{"start":{"line":196,"column":2},"end":{"line":202,"column":3}},"type":"if","locations":[{"start":{"line":196,"column":2},"end":{"line":202,"column":3}},{"start":{"line":198,"column":9},"end":{"line":202,"column":3}}],"line":196},"37":{"loc":{"start":{"line":198,"column":9},"end":{"line":202,"column":3}},"type":"if","locations":[{"start":{"line":198,"column":9},"end":{"line":202,"column":3}},{"start":{"line":200,"column":9},"end":{"line":202,"column":3}}],"line":198},"38":{"loc":{"start":{"line":205,"column":2},"end":{"line":213,"column":3}},"type":"if","locations":[{"start":{"line":205,"column":2},"end":{"line":213,"column":3}},{"start":{"line":207,"column":9},"end":{"line":213,"column":3}}],"line":205},"39":{"loc":{"start":{"line":207,"column":9},"end":{"line":213,"column":3}},"type":"if","locations":[{"start":{"line":207,"column":9},"end":{"line":213,"column":3}},{"start":{"line":209,"column":9},"end":{"line":213,"column":3}}],"line":207},"40":{"loc":{"start":{"line":209,"column":9},"end":{"line":213,"column":3}},"type":"if","locations":[{"start":{"line":209,"column":9},"end":{"line":213,"column":3}},{"start":{"line":211,"column":9},"end":{"line":213,"column":3}}],"line":209},"41":{"loc":{"start":{"line":211,"column":9},"end":{"line":213,"column":3}},"type":"if","locations":[{"start":{"line":211,"column":9},"end":{"line":213,"column":3}},{"start":{},"end":{}}],"line":211}},"s":{"0":3,"1":3,"2":3,"3":10,"4":6,"5":4,"6":3,"7":2,"8":1,"9":1,"10":1,"11":3,"12":7,"13":5,"14":7,"15":5,"16":4,"17":7,"18":4,"19":7,"20":7,"21":7,"22":7,"23":3,"24":1,"25":3,"26":3,"27":3,"28":1,"29":3,"30":1,"31":3,"32":3,"33":11,"34":11,"35":11,"36":11,"37":11,"38":9,"39":2,"40":1,"41":1,"42":11,"43":11,"44":6,"45":5,"46":2,"47":3,"48":2,"49":1,"50":1,"51":11},"f":{"0":10,"1":2,"2":7,"3":5,"4":5,"5":4,"6":4,"7":1,"8":3,"9":11},"b":{"0":[6,4],"1":[4,1],"2":[4,2],"3":[4,2],"4":[4,1],"5":[4,2],"6":[4,2],"7":[4,2],"8":[4,2],"9":[4,2],"10":[1,1],"11":[2,1],"12":[1,1],"13":[1,1],"14":[1,1],"15":[1,1],"16":[1,0],"17":[7,0],"18":[7,3,3,2,2,2,2,2,2,2,2,2],"19":[7,4],"20":[3,4],"21":[7,0],"22":[7,4],"23":[7,5],"24":[7,4],"25":[7,4],"26":[7,4],"27":[7,5],"28":[7,4],"29":[7,5],"30":[7,5],"31":[1,2],"32":[1,2],"33":[11,0],"34":[11,0],"35":[11,0],"36":[9,2],"37":[1,1],"38":[6,5],"39":[2,3],"40":[2,1],"41":[1,0]},"_coverageSchema":"1a1c01bbd47fc00a2c39e90264f33305004495a9","hash":"f3394f1d8a28024733dea7e3a1a8758d8cb9233a"}
[...]
},"13":{"start":{"line":43,"column":4},"end":{"line":45,"column":5}},"14":{"start":{"line":44,"column":6},"end":{"line":44,"column":56}},"15":{"start":{"line":47,"column":4},"end":{"line":49,"column":5}},"16":{"start":{"line":48,"column":6},"end":{"line":48,"column":28}},"17":{"start":{"line":52,"column":2},"end":{"line":52,"column":17}}},"fnMap":{"0":{"name":"toProfileUpdatePayload","decl":{"start":{"line":8,"column":16},"end":{"line":8,"column":38}},"loc":{"start":{"line":10,"column":24},"end":{"line":53,"column":1}},"line":10}},"branchMap":{"0":{"loc":{"start":{"line":11,"column":2},"end":{"line":11,"column":57}},"type":"if","locations":[{"start":{"line":11,"column":2},"end":{"line":11,"column":57}},{"start":{},"end":{}}],"line":11},"1":{"loc":{"start":{"line":11,"column":6},"end":{"line":11,"column":45}},"type":"binary-expr","locations":[{"start":{"line":11,"column":6},"end":{"line":11,"column":14}},{"start":{"line":11,"column":18},"end":{"line":11,"column":45}}],"line":11},"2":{"loc":{"start":{"line":30,"column":4},"end":{"line":32,"column":5}},"type":"if","locations":[{"start":{"line":30,"column":4},"end":{"line":32,"column":5}},{"start":{},"end":{}}],"line":30},"3":{"loc":{"start":{"line":35,"column":2},"end":{"line":50,"column":3}},"type":"if","locations":[{"start":{"line":35,"column":2},"end":{"line":50,"column":3}},{"start":{},"end":{}}],"line":35},"4":{"loc":{"start":{"line":35,"column":6},"end":{"line":35,"column":56}},"type":"binary-expr","locations":[{"start":{"line":35,"column":6},"end":{"line":35,"column":19}},{"start":{"line":35,"column":23},"end":{"line":35,"column":56}}],"line":35},"5":{"loc":{"start":{"line":37,"column":4},"end":{"line":39,"column":5}},"type":"if","locations":[{"start":{"line":37,"column":4},"end":{"line":39,"column":5}},{"start":{},"end":{}}],"line":37},"6":{"loc":{"start":{"line":40,"column":4},"end":{"line":42,"column":5}},"type":"if","locations":[{"start":{"line":40,"column":4},"end":{"line":42,"column":5}},{"start":{},"end":{}}],"line":40},"7":{"loc":{"start":{"line":43,"column":4},"end":{"line":45,"column":5}},"type":"if","locations":[{"start":{"line":43,"column":4},"end":{"line":45,"column":5}},{"start":{},"end":{}}],"line":43},"8":{"loc":{"start":{"line":47,"column":4},"end":{"line":49,"column":5}},"type":"if","locations":[{"start":{"line":47,"column":4},"end":{"line":49,"column":5}},{"start":{},"end":{}}],"line":47}},"s":{"0":15,"1":2,"2":13,"3":13,"4":13,"5":143,"6":30,"7":13,"8":3,"9":3,"10":2,"11":3,"12":2,"13":3,"14":2,"15":3,"16":2,"17":13},"f":{"0":15},"b":{"0":[2,13],"1":[15,13],"2":[30,113],"3":[3,10],"4":[13,3],"5":[2,1],"6":[2,1],"7":[2,1],"8":[2,1]},"_coverageSchema":"1a1c01bbd47fc00a2c39e90264f33305004495a9","hash":"37963c02cb2e3be79b0095adb6bfd434af324fe8"}
,"C:\\Users\\jordi\\Desktop\\Mobile\\HydroFlow\\hydraflow-app\\services\\syncNotifications.ts": {"path":"C:\\Users\\jordi\\Desktop\\Mobile\\HydroFlow\\hydraflow-app\\services\\syncNotifications.ts","statementMap":{"0":{"start":{"line":4,"column":33},"end":{"line":4,"column":38}},"1":{"start":{"line":10,"column":2},"end":{"line":12,"column":3}},"2":{"start":{"line":11,"column":4},"end":{"line":11,"column":11}},"3":{"start":{"line":14,"column":2},"end":{"line":14,"column":36}},"4":{"start":{"line":16,"column":2},"end":{"line":30,"column":3}},"5":{"start":{"line":17,"column":4},"end":{"line":25,"column":6}},"6":{"start":{"line":27,"column":4},"end":{"line":27,"column":64}},"7":{"start":{"line":29,"column":4},"end":{"line":29,"column":39}}},"fnMap":{"0":{"name":"syncNotifications","decl":{"start":{"line":6,"column":22},"end":{"line":6,"column":39}},"loc":{"start":{"line":9,"column":17},"end":{"line":31,"column":1}},"line":9}},"branchMap":{"0":{"loc":{"start":{"line":8,"column":2},"end":{"line":8,"column":18}},"type":"default-arg","locations":[{"start":{"line":8,"column":17},"end":{"line":8,"column":18}}],"line":8},"1":{"loc":{"start":{"line":10,"column":2},"end":{"line":12,"column":3}},"type":"if","locations":[{"start":{"line":10,"column":2},"end":{"line":12,"column":3}},{"start":{},"end":{}}],"line":10},"2":{"loc":{"start":{"line":23,"column":6},"end":{"line":23,"column":26}},"type":"binary-expr","locations":[{"start":{"line":23,"column":6},"end":{"line":23,"column":18}},{"start":{"line":23,"column":22},"end":{"line":23,"column":26}}],"line":23}},"s":{"0":0,"1":0,"2":0,"3":0,"4":0,"5":0,"6":0,"7":0},"f":{"0":0},"b":{"0":[0],"1":[0,0],"2":[0,0]}}
,"C:\\Users\\jordi\\Desktop\\Mobile\\HydroFlow\\hydraflow-app\\utils\\dateFormatter.ts": {"path":"C:\\Users\\jordi\\Desktop\\Mobile\\HydroFlow\\hydraflow-app\\utils\\dateFormatter.ts","statementMap":{"0":{"start":{"line":3,"column":32},"end":{"line":13,"column":1}},"1":{"start":{"line":4,"column":15},"end":{"line":4,"column":39}},"2":{"start":{"line":5,"column":17},"end":{"line":5,"column":48}},"3":{"start":{"line":7,"column":18},"end":{"line":7,"column":37}},"4":{"start":{"line":8,"column":20},"end":{"line":8,"column":34}},"5":{"start":{"line":9,"column":20},"end":{"line":9,"column":43}},"6":{"start":{"line":10,"column":15},"end":{"line":10,"column":33}},"7":{"start":{"line":12,"column":2},"end":{"line":12,"column":56}},"8":{"start":{"line":15,"column":36},"end":{"line":23,"column":1}},"9":{"start":{"line":16,"column":2},"end":{"line":16,"column":81}},"10":{"start":{"line":16,"column":69},"end":{"line":16,"column":81}},"11":{"start":{"line":18,"column":15},"end":{"line":18,"column":36}},"12":{"start":{"line":19,"column":16},"end":{"line":19,"column":63}},"13":{"start":{"line":20,"column":14},"end":{"line":20,"column":56}},"14":{"start":{"line":22,"column":2},"end":{"line":22,"column":35}}},"fnMap":{"0":{"name":"(anonymous_0)","decl":{"start":{"line":3,"column":32},"end":{"line":3,"column":33}},"loc":{"start":{"line":3,"column":69},"end":{"line":13,"column":1}},"line":3},"1":{"name":"(anonymous_1)","decl":{"start":{"line":15,"column":36},"end":{"line":15,"column":37}},"loc":{"start":{"line":15,"column":70},"end":{"line":23,"column":1}},"line":15}},"branchMap":{"0":{"loc":{"start":{"line":3,"column":33},"end":{"line":3,"column":56}},"type":"default-arg","locations":[{"start":{"line":3,"column":46},"end":{"line":3,"column":56}}],"line":3},"1":{"loc":{"start":{"line":16,"column":2},"end":{"line":16,"column":81}},"type":"if","locations":[{"start":{"line":16,"column":2},"end":{"line":16,"column":81}},{"start":{},"end":{}}],"line":16},"2":{"loc":{"start":{"line":16,"column":6},"end":{"line":16,"column":67}},"type":"binary-expr","locations":[{"start":{"line":16,"column":6},"end":{"line":16,"column":32}},{"start":{"line":16,"column":36},"end":{"line":16,"column":67}}],"line":16}},"s":{"0":2,"1":1,"2":1,"3":1,"4":1,"5":1,"6":1,"7":1,"8":2,"9":4,"10":2,"11":2,"12":2,"13":2,"14":2},"f":{"0":1,"1":4},"b":{"0":[0],"1":[2,2],"2":[4,3]},"_coverageSchema":"1a1c01bbd47fc00a2c39e90264f33305004495a9","hash":"5479286be5105d5a9c566700fbc025d52f299673"}
,"C:\\Users\\jordi\\Desktop\\Mobile\\HydroFlow\\hydraflow-app\\utils\\i18nHelpers.ts": {"path":"C:\\Users\\jordi\\Desktop\\Mobile\\HydroFlow\\hydraflow-app\\utils\\i18nHelpers.ts","statementMap":{"0":{"start":{"line":5,"column":32},"end":{"line":11,"column":1}},"1":{"start":{"line":6,"column":2},"end":{"line":6,"column":26}},"2":{"start":{"line":6,"column":16},"end":{"line":6,"column":26}},"3":{"start":{"line":7,"column":2},"end":{"line":7,"column":50}},"4":{"start":{"line":7,"column":35},"end":{"line":7,"column":50}},"5":{"start":{"line":9,"column":22},"end":{"line":9,"column":35}},"6":{"start":{"line":10,"column":2},"end":{"line":10,"column":82}},"7":{"start":{"line":13,"column":45},"end":{"line":28,"column":1}},"8":{"start":{"line":14,"column":2},"end":{"line":27,"column":4}},"9":{"start":{"line":30,"column":44},"end":{"line":45,"column":1}},"10":{"start":{"line":31,"column":2},"end":{"line":44,"column":4}},"11":{"start":{"line":47,"column":38},"end":{"line":57,"column":1}},"12":{"start":{"line":48,"column":14},"end":{"line":48,"column":38}},"13":{"start":{"line":49,"column":14},"end":{"line":49,"column":38}},"14":{"start":{"line":50,"column":14},"end":{"line":50,"column":38}},"15":{"start":{"line":51,"column":14},"end":{"line":51,"column":38}},"16":{"start":{"line":52,"column":14},"end":{"line":52,"column":38}},"17":{"start":{"line":53,"column":14},"end":{"line":53,"column":38}},"18":{"start":{"line":54,"column":14},"end":{"line":54,"column":38}},"19":{"start":{"line":56,"column":2},"end":{"line":56,"column":45}}},"fnMap":{"0":{"name":"(anonymous_0)","decl":{"start":{"line":5,"column":32},"end":{"line":5,"column":33}},"loc":{"start":{"line":5,"column":87},"end":{"line":11,"column":1}},"line":5},"1":{"name":"(anonymous_1)","decl":{"start":{"line":13,"column":45},"end":{"line":13,"column":46}},"loc":{"start":{"line":13,"column":61},"end":{"line":28,"column":1}},"line":13},"2":{"name":"(anonymous_2)","decl":{"start":{"line":30,"column":44},"end":{"line":30,"column":45}},"loc":{"start":{"line":30,"column":60},"end":{"line":45,"column":1}},"line":30},"3":{"name":"(anonymous_3)","decl":{"start":{"line":47,"column":38},"end":{"line":47,"column":39}},"loc":{"start":{"line":47,"column":54},"end":{"line":57,"column":1}},"line":47}},"branchMap":{"0":{"loc":{"start":{"line":6,"column":2},"end":{"line":6,"column":26}},"type":"if","locations":[{"start":{"line":6,"column":2},"end":{"line":6,"column":26}},{"start":{},"end":{}}],"line":6},"1":{"loc":{"start":{"line":7,"column":2},"end":{"line":7,"column":50}},"type":"if","locations":[{"start":{"line":7,"column":2},"end":{"line":7,"column":50}},{"start":{},"end":{}}],"line":7},"2":{"loc":{"start":{"line":10,"column":9},"end":{"line":10,"column":81}},"type":"binary-expr","locations":[{"start":{"line":10,"column":9},"end":{"line":10,"column":29}},{"start":{"line":10,"column":33},"end":{"line":10,"column":46}},{"start":{"line":10,"column":50},"end":{"line":10,"column":75}},{"start":{"line":10,"column":79},"end":{"line":10,"column":81}}],"line":10}},"s":{"0":2,"1":6,"2":2,"3":4,"4":1,"5":3,"6":3,"7":2,"8":1,"9":2,"10":1,"11":2,"12":1,"13":1,"14":1,"15":1,"16":1,"17":1,"18":1,"19":1},"f":{"0":6,"1":1,"2":1,"3":1},"b":{"0":[2,4],"1":[1,3],"2":[3,1,1,0]},"_coverageSchema":"1a1c01bbd47fc00a2c39e90264f33305004495a9","hash":"abe832f5c608057efef4ef37151619fcea2e5054"}
,"C:\\Users\\jordi\\Desktop\\Mobile\\HydroFlow\\hydraflow-app\\utils\\legalText.ts": {"path":"C:\\Users\\jordi\\Desktop\\Mobile\\HydroFlow\\hydraflow-app\\utils\\legalText.ts","statementMap":{"0":{"start":{"line":1,"column":36},"end":{"line":18,"column":1}},"1":{"start":{"line":20,"column":30},"end":{"line":34,"column":1}},"2":{"start":{"line":36,"column":26},"end":{"line":47,"column":1}},"3":{"start":{"line":49,"column":24},"end":{"line":65,"column":1}}},"fnMap":{},"branchMap":{},"s":{"0":0,"1":0,"2":0,"3":0},"f":{},"b":{}}
,"C:\\Users\\jordi\\Desktop\\Mobile\\HydroFlow\\hydraflow-app\\utils\\toast.ts": {"path":"C:\\Users\\jordi\\Desktop\\Mobile\\HydroFlow\\hydraflow-app\\utils\\toast.ts","statementMap":{"0":{"start":{"line":5,"column":35},"end":{"line":5,"column":39}},"1":{"start":{"line":15,"column":2},"end":{"line":15,"column":20}},"2":{"start":{"line":16,"column":2},"end":{"line":18,"column":4}},"3":{"start":{"line":17,"column":4},"end":{"line":17,"column":45}},"4":{"start":{"line":17,"column":29},"end":{"line":17,"column":45}},"5":{"start":{"line":28,"column":15},"end":{"line":28,"column":43}},"6":{"start":{"line":29,"column":2},"end":{"line":29,"column":20}},"7":{"start":{"line":29,"column":13},"end":{"line":29,"column":20}},"8":{"start":{"line":31,"column":13},"end":{"line":31,"column":46}},"9":{"start":{"line":33,"column":2},"end":{"line":36,"column":3}},"10":{"start":{"line":34,"column":4},"end":{"line":34,"column":23}},"11":{"start":{"line":35,"column":4},"end":{"line":35,"column":11}},"12":{"start":{"line":38,"column":2},"end":{"line":43,"column":3}},"13":{"start":{"line":39,"column":4},"end":{"line":42,"column":6}}},"fnMap":{"0":{"name":"registerToastHost","decl":{"start":{"line":14,"column":16},"end":{"line":14,"column":33}},"loc":{"start":{"line":14,"column":67},"end":{"line":19,"column":1}},"line":14},"1":{"name":"(anonymous_1)","decl":{"start":{"line":16,"column":9},"end":{"line":16,"column":10}},"loc":{"start":{"line":16,"column":15},"end":{"line":18,"column":3}},"line":16},"2":{"name":"showToast","decl":{"start":{"line":24,"column":16},"end":{"line":24,"column":25}},"loc":{"start":{"line":27,"column":8},"end":{"line":44,"column":1}},"line":27}},"branchMap":{"0":{"loc":{"start":{"line":17,"column":4},"end":{"line":17,"column":45}},"type":"if","locations":[{"start":{"line":17,"column":4},"end":{"line":17,"column":45}},{"start":{},"end":{}}],"line":17},"1":{"loc":{"start":{"line":26,"column":2},"end":{"line":26,"column":43}},"type":"default-arg","locations":[{"start":{"line":26,"column":41},"end":{"line":26,"column":43}}],"line":26},"2":{"loc":{"start":{"line":26,"column":4},"end":{"line":26,"column":22}},"type":"default-arg","locations":[{"start":{"line":26,"column":15},"end":{"line":26,"column":22}}],"line":26},"3":{"loc":{"start":{"line":28,"column":22},"end":{"line":28,"column":35}},"type":"binary-expr","locations":[{"start":{"line":28,"column":22},"end":{"line":28,"column":29}},{"start":{"line":28,"column":33},"end":{"line":28,"column":35}}],"line":28},"4":{"loc":{"start":{"line":29,"column":2},"end":{"line":29,"column":20}},"type":"if","locations":[{"start":{"line":29,"column":2},"end":{"line":29,"column":20}},{"start":{},"end":{}}],"line":29},"5":{"loc":{"start":{"line":31,"column":13},"end":{"line":31,"column":46}},"type":"cond-expr","locations":[{"start":{"line":31,"column":35},"end":{"line":31,"column":39}},{"start":{"line":31,"column":42},"end":{"line":31,"column":46}}],"line":31},"6":{"loc":{"start":{"line":33,"column":2},"end":{"line":36,"column":3}},"type":"if","locations":[{"start":{"line":33,"column":2},"end":{"line":36,"column":3}},{"start":{},"end":{}}],"line":33},"7":{"loc":{"start":{"line":38,"column":2},"end":{"line":43,"column":3}},"type":"if","locations":[{"start":{"line":38,"column":2},"end":{"line":43,"column":3}},{"start":{},"end":{}}],"line":38},"8":{"loc":{"start":{"line":41,"column":6},"end":{"line":41,"column":66}},"type":"cond-expr","locations":[{"start":{"line":41,"column":28},"end":{"line":41,"column":45}},{"start":{"line":41,"column":48},"end":{"line":41,"column":66}}],"line":41}},"s":{"0":0,"1":0,"2":0,"3":0,"4":0,"5":0,"6":0,"7":0,"8":0,"9":0,"10":0,"11":0,"12":0,"13":0},"f":{"0":0,"1":0,"2":0},"b":{"0":[0,0],"1":[0],"2":[0],"3":[0,0],"4":[0,0],"5":[0,0],"6":[0,0],"7":[0,0],"8":[0,0]}}
,"C:\\Users\\jordi\\Desktop\\Mobile\\HydroFlow\\hydraflow-app\\utils\\weekCalculator.ts": {"path":"C:\\Users\\jordi\\Desktop\\Mobile\\HydroFlow\\hydraflow-app\\utils\\weekCalculator.ts","statementMap":{"0":{"start":{"line":3,"column":32},"end":{"line":34,"column":1}},"1":{"start":{"line":4,"column":29},"end":{"line":4,"column":31}},"2":{"start":{"line":6,"column":26},"end":{"line":6,"column":50}},"3":{"start":{"line":8,"column":25},"end":{"line":8,"column":53}},"4":{"start":{"line":10,"column":20},"end":{"line":10,"column":44}},"5":{"start":{"line":12,"column":23},"end":{"line":12,"column":58}},"6":{"start":{"line":14,"column":24},"end":{"line":14,"column":49}},"7":{"start":{"line":15,"column":2},"end":{"line":15,"column":66}},"8":{"start":{"line":17,"column":2},"end":{"line":31,"column":3}},"9":{"start":{"line":18,"column":26},"end":{"line":18,"column":49}},"10":{"start":{"line":19,"column":4},"end":{"line":19,"column":55}},"11":{"start":{"line":21,"column":21},"end":{"line":21,"column":44}},"12":{"start":{"line":22,"column":19},"end":{"line":22,"column":42}},"13":{"start":{"line":24,"column":4},"end":{"line":28,"column":7}},"14":{"start":{"line":30,"column":4},"end":{"line":30,"column":55}},"15":{"start":{"line":33,"column":2},"end":{"line":33,"column":15}},"16":{"start":{"line":36,"column":36},"end":{"line":39,"column":1}},"17":{"start":{"line":37,"column":14},"end":{"line":37,"column":24}},"18":{"start":{"line":38,"column":2},"end":{"line":38,"column":61}},"19":{"start":{"line":41,"column":27},"end":{"line":62,"column":1}},"20":{"start":{"line":42,"column":18},"end":{"line":42,"column":36}},"21":{"start":{"line":43,"column":27},"end":{"line":43,"column":29}},"22":{"start":{"line":45,"column":21},"end":{"line":45,"column":37}},"23":{"start":{"line":47,"column":27},"end":{"line":47,"column":64}},"24":{"start":{"line":49,"column":17},"end":{"line":49,"column":34}},"25":{"start":{"line":51,"column":2},"end":{"line":51,"column":55}},"26":{"start":{"line":53,"column":2},"end":{"line":53,"column":30}},"27":{"start":{"line":55,"column":2},"end":{"line":59,"column":3}},"28":{"start":{"line":55,"column":15},"end":{"line":55,"column":16}},"29":{"start":{"line":56,"column":16},"end":{"line":56,"column":32}},"30":{"start":{"line":57,"column":4},"end":{"line":57,"column":38}},"31":{"start":{"line":58,"column":4},"end":{"line":58,"column":23}},"32":{"start":{"line":61,"column":2},"end":{"line":61,"column":18}}},"fnMap":{"0":{"name":"(anonymous_0)","decl":{"start":{"line":3,"column":32},"end":{"line":3,"column":33}},"loc":{"start":{"line":3,"column":78},"end":{"line":34,"column":1}},"line":3},"1":{"name":"(anonymous_1)","decl":{"start":{"line":36,"column":36},"end":{"line":36,"column":37}},"loc":{"start":{"line":36,"column":55},"end":{"line":39,"column":1}},"line":36},"2":{"name":"(anonymous_2)","decl":{"start":{"line":41,"column":27},"end":{"line":41,"column":28}},"loc":{"start":{"line":41,"column":68},"end":{"line":62,"column":1}},"line":41}},"branchMap":{"0":{"loc":{"start":{"line":12,"column":23},"end":{"line":12,"column":58}},"type":"cond-expr","locations":[{"start":{"line":12,"column":41},"end":{"line":12,"column":42}},{"start":{"line":12,"column":45},"end":{"line":12,"column":58}}],"line":12},"1":{"loc":{"start":{"line":41,"column":28},"end":{"line":41,"column":55}},"type":"default-arg","locations":[{"start":{"line":41,"column":45},"end":{"line":41,"column":55}}],"line":41},"2":{"loc":{"start":{"line":47,"column":27},"end":{"line":47,"column":64}},"type":"cond-expr","locations":[{"start":{"line":47,"column":46},"end":{"line":47,"column":47}},{"start":{"line":47,"column":50},"end":{"line":47,"column":64}}],"line":47}},"s":{"0":1,"1":4,"2":4,"3":4,"4":4,"5":4,"6":4,"7":4,"8":4,"9":23,"10":23,"11":23,"12":23,"13":23,"14":23,"15":4,"16":1,"17":1,"18":1,"19":1,"20":3,"21":3,"22":3,"23":3,"24":3,"25":3,"26":3,"27":3,"28":3,"29":21,"30":21,"31":21,"32":3},"f":{"0":4,"1":1,"2":3},"b":{"0":[0,4],"1":[0],"2":[1,2]},"_coverageSchema":"1a1c01bbd47fc00a2c39e90264f33305004495a9","hash":"2efecdad90736cc84210b49ac9ad9f67787993a6"}
,"C:\\Users\\jordi\\Desktop\\Mobile\\HydroFlow\\hydraflow-app\\utils\\xp.ts": {"path":"C:\\Users\\jordi\\Desktop\\Mobile\\HydroFlow\\hydraflow-app\\utils\\xp.ts","statementMap":{"0":{"start":{"line":2,"column":18},"end":{"line":2,"column":21}},"1":{"start":{"line":5,"column":17},"end":{"line":5,"column":33}},"2":{"start":{"line":6,"column":2},"end":{"line":6,"column":56}},"3":{"start":{"line":6,"column":47},"end":{"line":6,"column":56}},"4":{"start":{"line":7,"column":2},"end":{"line":7,"column":40}}},"fnMap":{"0":{"name":"calculateXpGain","decl":{"start":{"line":4,"column":16},"end":{"line":4,"column":31}},"loc":{"start":{"line":4,"column":67},"end":{"line":8,"column":1}},"line":4}},"branchMap":{"0":{"loc":{"start":{"line":6,"column":2},"end":{"line":6,"column":56}},"type":"if","locations":[{"start":{"line":6,"column":2},"end":{"line":6,"column":56}},{"start":{},"end":{}}],"line":6},"1":{"loc":{"start":{"line":6,"column":6},"end":{"line":6,"column":45}},"type":"binary-expr","locations":[{"start":{"line":6,"column":6},"end":{"line":6,"column":30}},{"start":{"line":6,"column":34},"end":{"line":6,"column":45}}],"line":6}},"s":{"0":2,"1":11,"2":11,"3":5,"4":6},"f":{"0":11},"b":{"0":[5,6],"1":[11,8]},"_coverageSchema":"1a1c01bbd47fc00a2c39e90264f33305004495a9","hash":"a22df12d3fb7ca4e4c6fc4f4d4e0bf9edd606770"}
}
