TN:
SF:services\api.ts
FN:45,(anonymous_0)
FN:54,(anonymous_1)
FN:57,(anonymous_2)
FN:93,(anonymous_3)
FN:97,(anonymous_4)
FN:102,(anonymous_5)
FN:107,(anonymous_6)
FN:127,(anonymous_7)
FN:146,(anonymous_8)
FN:171,(anonymous_9)
FN:200,(anonymous_10)
FN:228,(anonymous_11)
FN:240,(anonymous_12)
FN:275,(anonymous_13)
FN:352,(anonymous_14)
FN:367,(anonymous_15)
FN:379,(anonymous_16)
FN:403,(anonymous_17)
FN:417,(anonymous_18)
FN:423,(anonymous_19)
FN:471,(anonymous_20)
FN:490,(anonymous_21)
FNF:22
FNH:9
FNDA:12,(anonymous_0)
FNDA:7,(anonymous_1)
FNDA:12,(anonymous_2)
FNDA:4,(anonymous_3)
FNDA:0,(anonymous_4)
FNDA:0,(anonymous_5)
FNDA:0,(anonymous_6)
FNDA:2,(anonymous_7)
FNDA:1,(anonymous_8)
FNDA:0,(anonymous_9)
FNDA:2,(anonymous_10)
FNDA:0,(anonymous_11)
FNDA:0,(anonymous_12)
FNDA:0,(anonymous_13)
FNDA:0,(anonymous_14)
FNDA:0,(anonymous_15)
FNDA:0,(anonymous_16)
FNDA:0,(anonymous_17)
FNDA:7,(anonymous_18)
FNDA:6,(anonymous_19)
FNDA:0,(anonymous_20)
FNDA:0,(anonymous_21)
DA:28,1
DA:33,1
DA:34,1
DA:37,1
DA:45,1
DA:46,12
DA:47,12
DA:54,1
DA:55,7
DA:57,1
DA:62,12
DA:63,12
DA:68,12
DA:69,8
DA:72,12
DA:74,7
DA:75,1
DA:76,0
DA:78,1
DA:81,5
DA:82,0
DA:83,0
DA:84,0
DA:85,0
DA:87,0
DA:90,5
DA:93,1
DA:94,4
DA:97,1
DA:98,0
DA:101,1
DA:103,0
DA:108,0
DA:109,0
DA:114,0
DA:116,0
DA:117,0
DA:119,0
DA:121,0
DA:122,0
DA:130,2
DA:131,2
DA:132,1
DA:134,1
DA:135,1
DA:137,1
DA:138,1
DA:139,1
DA:140,1
DA:141,1
DA:147,1
DA:148,1
DA:150,1
DA:151,1
DA:153,1
DA:154,1
DA:158,1
DA:159,1
DA:172,0
DA:173,0
DA:174,0
DA:178,0
DA:183,0
DA:184,0
DA:185,0
DA:187,0
DA:190,0
DA:191,0
DA:192,0
DA:194,0
DA:195,0
DA:201,2
DA:202,2
DA:204,2
DA:206,2
DA:207,2
DA:208,1
DA:209,1
DA:217,1
DA:218,1
DA:219,1
DA:229,0
DA:230,0
DA:231,0
DA:233,0
DA:234,0
DA:235,0
DA:244,0
DA:245,0
DA:247,0
DA:248,0
DA:249,0
DA:257,0
DA:258,0
DA:259,0
DA:262,0
DA:266,0
DA:267,0
DA:269,0
DA:270,0
DA:276,0
DA:278,0
DA:279,0
DA:280,0
DA:288,0
DA:289,0
DA:290,0
DA:293,0
DA:301,0
DA:303,0
DA:304,0
DA:308,0
DA:310,0
DA:318,0
DA:320,0
DA:328,0
DA:330,0
DA:338,0
DA:340,0
DA:341,0
DA:343,0
DA:345,0
DA:346,0
DA:347,0
DA:353,0
DA:354,0
DA:358,0
DA:360,0
DA:361,0
DA:362,0
DA:368,0
DA:369,0
DA:370,0
DA:372,0
DA:373,0
DA:374,0
DA:380,0
DA:381,0
DA:388,0
DA:389,0
DA:395,0
DA:396,0
DA:397,0
DA:398,0
DA:404,0
DA:405,0
DA:408,0
DA:410,0
DA:411,0
DA:412,0
DA:413,0
DA:418,7
DA:420,6
DA:422,6
DA:423,6
DA:425,6
DA:426,6
DA:428,5
DA:430,5
DA:431,8
DA:432,8
DA:433,3
DA:434,5
DA:435,2
DA:436,3
DA:437,3
DA:440,3
DA:441,3
DA:445,5
DA:446,5
DA:448,3
DA:449,1
DA:450,1
DA:452,2
DA:459,5
DA:460,4
DA:461,4
DA:464,1
DA:466,6
DA:472,0
DA:473,0
DA:474,0
DA:478,0
DA:479,0
DA:480,0
DA:481,0
DA:483,0
DA:484,0
DA:485,0
DA:491,0
DA:492,0
DA:493,0
DA:497,0
DA:498,0
DA:499,0
DA:501,0
DA:502,0
LF:197
LH:80
BRDA:28,0,0,1
BRDA:28,0,1,1
BRDA:50,1,0,12
BRDA:50,1,1,0
BRDA:55,2,0,7
BRDA:55,2,1,7
BRDA:68,3,0,8
BRDA:68,3,1,4
BRDA:68,4,0,12
BRDA:68,4,1,8
BRDA:74,5,0,1
BRDA:74,5,1,5
BRDA:75,6,0,0
BRDA:75,6,1,1
BRDA:81,7,0,0
BRDA:81,7,1,5
BRDA:85,8,0,0
BRDA:85,8,1,0
BRDA:87,9,0,0
BRDA:87,9,1,0
BRDA:97,10,0,0
BRDA:116,11,0,0
BRDA:116,11,1,0
BRDA:117,12,0,0
BRDA:117,12,1,0
BRDA:131,13,0,1
BRDA:131,13,1,1
BRDA:137,14,0,0
BRDA:137,14,1,1
BRDA:150,15,0,1
BRDA:150,15,1,0
BRDA:153,16,0,0
BRDA:153,16,1,1
BRDA:174,17,0,0
BRDA:174,17,1,0
BRDA:183,18,0,0
BRDA:183,18,1,0
BRDA:184,19,0,0
BRDA:184,19,1,0
BRDA:191,20,0,0
BRDA:191,20,1,0
BRDA:191,21,0,0
BRDA:191,21,1,0
BRDA:192,22,0,0
BRDA:192,22,1,0
BRDA:204,23,0,0
BRDA:204,23,1,2
BRDA:207,24,0,1
BRDA:207,24,1,1
BRDA:233,25,0,0
BRDA:233,25,1,0
BRDA:257,26,0,0
BRDA:257,26,1,0
BRDA:257,27,0,0
BRDA:257,27,1,0
BRDA:266,28,0,0
BRDA:266,28,1,0
BRDA:267,29,0,0
BRDA:267,29,1,0
BRDA:288,30,0,0
BRDA:288,30,1,0
BRDA:288,31,0,0
BRDA:288,31,1,0
BRDA:301,32,0,0
BRDA:301,32,1,0
BRDA:304,33,0,0
BRDA:304,33,1,0
BRDA:308,34,0,0
BRDA:308,34,1,0
BRDA:308,34,2,0
BRDA:308,34,3,0
BRDA:358,35,0,0
BRDA:358,35,1,0
BRDA:370,36,0,0
BRDA:370,36,1,0
BRDA:388,37,0,0
BRDA:388,37,1,0
BRDA:395,38,0,0
BRDA:395,38,1,0
BRDA:408,39,0,0
BRDA:408,39,1,0
BRDA:410,40,0,0
BRDA:410,40,1,0
BRDA:418,41,0,1
BRDA:418,41,1,6
BRDA:426,42,0,1
BRDA:426,42,1,5
BRDA:432,43,0,3
BRDA:432,43,1,5
BRDA:434,44,0,2
BRDA:434,44,1,3
BRDA:436,45,0,3
BRDA:436,45,1,0
BRDA:440,46,0,3
BRDA:440,46,1,0
BRDA:448,47,0,1
BRDA:448,47,1,2
BRDA:459,48,0,4
BRDA:459,48,1,1
BRDA:479,49,0,0
BRDA:479,49,1,0
BRDA:498,50,0,0
BRDA:498,50,1,0
BRDA:499,51,0,0
BRDA:499,51,1,0
BRF:105
BRH:35
end_of_record
TN:
SF:services\audioService.ts
FN:17,(anonymous_0)
FN:32,(anonymous_1)
FN:44,(anonymous_2)
FN:61,(anonymous_3)
FN:64,(anonymous_4)
FN:71,(anonymous_5)
FN:76,(anonymous_6)
FN:84,(anonymous_7)
FN:85,(anonymous_8)
FNF:9
FNH:0
FNDA:0,(anonymous_0)
FNDA:0,(anonymous_1)
FNDA:0,(anonymous_2)
FNDA:0,(anonymous_3)
FNDA:0,(anonymous_4)
FNDA:0,(anonymous_5)
FNDA:0,(anonymous_6)
FNDA:0,(anonymous_7)
FNDA:0,(anonymous_8)
DA:13,0
DA:14,0
DA:15,0
DA:18,0
DA:19,0
DA:21,0
DA:22,0
DA:28,0
DA:33,0
DA:34,0
DA:35,0
DA:36,0
DA:37,0
DA:40,0
DA:45,0
DA:47,0
DA:48,0
DA:49,0
DA:50,0
DA:51,0
DA:52,0
DA:54,0
DA:57,0
DA:62,0
DA:64,0
DA:65,0
DA:66,0
DA:72,0
DA:73,0
DA:75,0
DA:76,0
DA:77,0
DA:78,0
DA:85,0
DA:86,0
DA:88,0
DA:92,0
LF:37
LH:0
BRDA:17,0,0,0
BRDA:17,1,0,0
BRDA:34,2,0,0
BRDA:34,2,1,0
BRDA:36,3,0,0
BRDA:36,3,1,0
BRDA:45,4,0,0
BRDA:45,4,1,0
BRDA:48,5,0,0
BRDA:48,5,1,0
BRDA:65,6,0,0
BRDA:65,6,1,0
BRDA:66,7,0,0
BRDA:66,7,1,0
BRDA:75,8,0,0
BRDA:75,8,1,0
BRDA:77,9,0,0
BRDA:77,9,1,0
BRF:18
BRH:0
end_of_record
TN:
SF:services\notifications.ts
FN:6,(anonymous_0)
FN:42,(anonymous_1)
FN:52,(anonymous_2)
FN:69,(anonymous_3)
FN:89,(anonymous_4)
FN:125,(anonymous_5)
FN:160,(anonymous_6)
FN:183,(anonymous_7)
FN:229,(anonymous_8)
FN:234,(anonymous_9)
FN:253,(anonymous_10)
FN:264,(anonymous_11)
FN:268,(anonymous_12)
FNF:13
FNH:0
FNDA:0,(anonymous_0)
FNDA:0,(anonymous_1)
FNDA:0,(anonymous_2)
FNDA:0,(anonymous_3)
FNDA:0,(anonymous_4)
FNDA:0,(anonymous_5)
FNDA:0,(anonymous_6)
FNDA:0,(anonymous_7)
FNDA:0,(anonymous_8)
FNDA:0,(anonymous_9)
FNDA:0,(anonymous_10)
FNDA:0,(anonymous_11)
FNDA:0,(anonymous_12)
DA:5,0
DA:6,0
DA:14,0
DA:20,0
DA:42,0
DA:47,0
DA:48,0
DA:49,0
DA:52,0
DA:53,0
DA:55,0
DA:56,0
DA:65,0
DA:69,0
DA:74,0
DA:75,0
DA:77,0
DA:78,0
DA:80,0
DA:81,0
DA:82,0
DA:83,0
DA:84,0
DA:86,0
DA:89,0
DA:94,0
DA:96,0
DA:98,0
DA:100,0
DA:101,0
DA:102,0
DA:104,0
DA:106,0
DA:107,0
DA:109,0
DA:110,0
DA:112,0
DA:113,0
DA:115,0
DA:116,0
DA:117,0
DA:119,0
DA:120,0
DA:122,0
DA:125,0
DA:131,0
DA:132,0
DA:149,0
DA:151,0
DA:155,0
DA:159,0
DA:161,0
DA:162,0
DA:163,0
DA:165,0
DA:166,0
DA:167,0
DA:170,0
DA:171,0
DA:172,0
DA:175,0
DA:176,0
DA:178,0
DA:179,0
DA:188,0
DA:189,0
DA:190,0
DA:191,0
DA:194,0
DA:195,0
DA:197,0
DA:198,0
DA:200,0
DA:201,0
DA:203,0
DA:204,0
DA:206,0
DA:207,0
DA:208,0
DA:209,0
DA:212,0
DA:213,0
DA:215,0
DA:216,0
DA:217,0
DA:219,0
DA:220,0
DA:221,0
DA:224,0
DA:225,0
DA:228,0
DA:230,0
DA:234,0
DA:236,0
DA:238,0
DA:244,0
DA:245,0
DA:254,0
DA:255,0
DA:256,0
DA:257,0
DA:259,0
DA:260,0
DA:265,0
DA:266,0
DA:269,0
DA:270,0
DA:273,0
LF:108
LH:0
BRDA:47,0,0,0
BRDA:47,0,1,0
BRDA:48,1,0,0
BRDA:48,1,1,0
BRDA:53,2,0,0
BRDA:53,2,1,0
BRDA:96,3,0,0
BRDA:96,3,1,0
BRDA:104,4,0,0
BRDA:104,4,1,0
BRDA:113,5,0,0
BRDA:113,5,1,0
BRDA:117,6,0,0
BRDA:117,6,1,0
BRDA:139,7,0,0
BRDA:139,7,1,0
BRDA:165,8,0,0
BRDA:165,8,1,0
BRDA:170,9,0,0
BRDA:170,9,1,0
BRDA:185,10,0,0
BRDA:186,11,0,0
BRDA:189,12,0,0
BRDA:189,12,1,0
BRDA:195,13,0,0
BRDA:195,13,1,0
BRDA:203,14,0,0
BRDA:203,14,1,0
BRDA:208,15,0,0
BRDA:208,15,1,0
BRDA:215,16,0,0
BRDA:215,16,1,0
BRDA:219,17,0,0
BRDA:219,17,1,0
BRDA:224,18,0,0
BRDA:224,18,1,0
BRDA:241,19,0,0
BRDA:241,19,1,0
BRDA:248,20,0,0
BRDA:248,20,1,0
BRF:40
BRH:0
end_of_record
TN:
SF:services\offline.ts
FN:7,(anonymous_0)
FN:16,(anonymous_1)
FN:34,(anonymous_2)
FN:43,(anonymous_3)
FN:51,(anonymous_4)
FN:54,(anonymous_5)
FN:64,(anonymous_6)
FNF:7
FNH:7
FNDA:6,(anonymous_0)
FNDA:6,(anonymous_1)
FNDA:38,(anonymous_2)
FNDA:1,(anonymous_3)
FNDA:7,(anonymous_4)
FNDA:13,(anonymous_5)
FNDA:4,(anonymous_6)
DA:5,2
DA:7,2
DA:8,6
DA:9,6
DA:11,0
DA:15,2
DA:17,6
DA:18,6
DA:19,6
DA:28,6
DA:30,0
DA:35,38
DA:36,38
DA:37,38
DA:39,1
DA:44,1
DA:45,1
DA:47,0
DA:52,7
DA:53,7
DA:54,13
DA:55,7
DA:57,0
DA:65,4
DA:66,4
DA:67,4
DA:68,4
DA:69,2
DA:70,2
DA:71,2
DA:72,2
DA:75,2
DA:77,0
DA:78,0
LF:34
LH:28
BRDA:37,0,0,30
BRDA:37,0,1,8
BRDA:68,1,0,2
BRDA:68,1,1,2
BRDA:72,2,0,2
BRDA:72,2,1,0
BRF:6
BRH:5
end_of_record
TN:
SF:services\profileMapping.ts
FN:53,(anonymous_0)
FN:69,(anonymous_1)
FN:94,(anonymous_2)
FN:95,(anonymous_3)
FN:96,(anonymous_4)
FN:96,(anonymous_5)
FN:99,(anonymous_6)
FN:151,(anonymous_7)
FN:164,(anonymous_8)
FN:187,(anonymous_9)
FNF:10
FNH:10
FNDA:10,(anonymous_0)
FNDA:2,(anonymous_1)
FNDA:7,(anonymous_2)
FNDA:5,(anonymous_3)
FNDA:5,(anonymous_4)
FNDA:4,(anonymous_5)
FNDA:4,(anonymous_6)
FNDA:1,(anonymous_7)
FNDA:3,(anonymous_8)
FNDA:11,(anonymous_9)
DA:9,3
DA:21,3
DA:53,3
DA:54,10
DA:56,4
DA:69,3
DA:72,2
DA:74,1
DA:76,1
DA:94,3
DA:95,7
DA:96,7
DA:99,7
DA:104,7
DA:119,7
DA:120,7
DA:129,7
DA:151,3
DA:164,3
DA:168,3
DA:170,3
DA:171,1
DA:177,3
DA:178,1
DA:184,3
DA:187,3
DA:190,11
DA:192,11
DA:193,11
DA:194,11
DA:196,11
DA:197,9
DA:198,2
DA:199,1
DA:201,1
DA:204,11
DA:205,11
DA:206,6
DA:207,5
DA:208,2
DA:209,3
DA:210,2
DA:211,1
DA:212,1
DA:215,11
LF:45
LH:45
BRDA:54,0,0,6
BRDA:54,0,1,4
BRDA:57,1,0,4
BRDA:57,1,1,1
BRDA:58,2,0,4
BRDA:58,2,1,2
BRDA:59,3,0,4
BRDA:59,3,1,2
BRDA:60,4,0,4
BRDA:60,4,1,1
BRDA:61,5,0,4
BRDA:61,5,1,2
BRDA:62,6,0,4
BRDA:62,6,1,2
BRDA:63,7,0,4
BRDA:63,7,1,2
BRDA:64,8,0,4
BRDA:64,8,1,2
BRDA:65,9,0,4
BRDA:65,9,1,2
BRDA:72,10,0,1
BRDA:72,10,1,1
BRDA:72,11,0,2
BRDA:72,11,1,1
BRDA:80,12,0,1
BRDA:80,12,1,1
BRDA:83,13,0,1
BRDA:83,13,1,1
BRDA:84,14,0,1
BRDA:84,14,1,1
BRDA:88,15,0,1
BRDA:88,15,1,1
BRDA:90,16,0,1
BRDA:90,16,1,0
BRDA:99,17,0,7
BRDA:99,17,1,0
BRDA:105,18,0,7
BRDA:105,18,1,3
BRDA:105,18,2,3
BRDA:105,18,3,2
BRDA:105,18,4,2
BRDA:105,18,5,2
BRDA:105,18,6,2
BRDA:105,18,7,2
BRDA:105,18,8,2
BRDA:105,18,9,2
BRDA:105,18,10,2
BRDA:105,18,11,2
BRDA:119,19,0,7
BRDA:119,19,1,4
BRDA:124,20,0,3
BRDA:124,20,1,4
BRDA:130,21,0,7
BRDA:130,21,1,0
BRDA:132,22,0,7
BRDA:132,22,1,4
BRDA:133,23,0,7
BRDA:133,23,1,5
BRDA:134,24,0,7
BRDA:134,24,1,4
BRDA:135,25,0,7
BRDA:135,25,1,4
BRDA:136,26,0,7
BRDA:136,26,1,4
BRDA:137,27,0,7
BRDA:137,27,1,5
BRDA:138,28,0,7
BRDA:138,28,1,4
BRDA:139,29,0,7
BRDA:139,29,1,5
BRDA:141,30,0,7
BRDA:141,30,1,5
BRDA:170,31,0,1
BRDA:170,31,1,2
BRDA:177,32,0,1
BRDA:177,32,1,2
BRDA:192,33,0,11
BRDA:192,33,1,0
BRDA:193,34,0,11
BRDA:193,34,1,0
BRDA:194,35,0,11
BRDA:194,35,1,0
BRDA:196,36,0,9
BRDA:196,36,1,2
BRDA:198,37,0,1
BRDA:198,37,1,1
BRDA:205,38,0,6
BRDA:205,38,1,5
BRDA:207,39,0,2
BRDA:207,39,1,3
BRDA:209,40,0,2
BRDA:209,40,1,1
BRDA:211,41,0,1
BRDA:211,41,1,0
BRF:94
BRH:87
end_of_record
TN:
SF:services\profilePayload.ts
FN:8,toProfileUpdatePayload
FNF:1
FNH:1
FNDA:15,toProfileUpdatePayload
DA:11,15
DA:13,13
DA:15,13
DA:29,13
DA:30,143
DA:31,30
DA:35,13
DA:36,3
DA:37,3
DA:38,2
DA:40,3
DA:41,2
DA:43,3
DA:44,2
DA:47,3
DA:48,2
DA:52,13
LF:17
LH:17
BRDA:11,0,0,2
BRDA:11,0,1,13
BRDA:11,1,0,15
BRDA:11,1,1,13
BRDA:30,2,0,30
BRDA:30,2,1,113
BRDA:35,3,0,3
BRDA:35,3,1,10
BRDA:35,4,0,13
BRDA:35,4,1,3
BRDA:37,5,0,2
BRDA:37,5,1,1
BRDA:40,6,0,2
BRDA:40,6,1,1
BRDA:43,7,0,2
BRDA:43,7,1,1
BRDA:47,8,0,2
BRDA:47,8,1,1
BRF:18
BRH:18
end_of_record
TN:
SF:services\syncNotifications.ts
FN:6,syncNotifications
FNF:1
FNH:0
FNDA:0,syncNotifications
DA:4,0
DA:10,0
DA:11,0
DA:14,0
DA:16,0
DA:17,0
DA:27,0
DA:29,0
LF:8
LH:0
BRDA:8,0,0,0
BRDA:10,1,0,0
BRDA:10,1,1,0
BRDA:23,2,0,0
BRDA:23,2,1,0
BRF:5
BRH:0
end_of_record
TN:
SF:utils\dateFormatter.ts
FN:3,(anonymous_0)
FN:15,(anonymous_1)
FNF:2
FNH:2
FNDA:1,(anonymous_0)
FNDA:4,(anonymous_1)
DA:3,2
DA:4,1
DA:5,1
DA:7,1
DA:8,1
DA:9,1
DA:10,1
DA:12,1
DA:15,2
DA:16,4
DA:18,2
DA:19,2
DA:20,2
DA:22,2
LF:14
LH:14
BRDA:3,0,0,0
BRDA:16,1,0,2
BRDA:16,1,1,2
BRDA:16,2,0,4
BRDA:16,2,1,3
BRF:5
BRH:4
end_of_record
TN:
SF:utils\i18nHelpers.ts
FN:5,(anonymous_0)
FN:13,(anonymous_1)
FN:30,(anonymous_2)
FN:47,(anonymous_3)
FNF:4
FNH:4
FNDA:6,(anonymous_0)
FNDA:1,(anonymous_1)
FNDA:1,(anonymous_2)
FNDA:1,(anonymous_3)
DA:5,2
DA:6,6
DA:7,4
DA:9,3
DA:10,3
DA:13,2
DA:14,1
DA:30,2
DA:31,1
DA:47,2
DA:48,1
DA:49,1
DA:50,1
DA:51,1
DA:52,1
DA:53,1
DA:54,1
DA:56,1
LF:18
LH:18
BRDA:6,0,0,2
BRDA:6,0,1,4
BRDA:7,1,0,1
BRDA:7,1,1,3
BRDA:10,2,0,3
BRDA:10,2,1,1
BRDA:10,2,2,1
BRDA:10,2,3,0
BRF:8
BRH:7
end_of_record
TN:
SF:utils\legalText.ts
FNF:0
FNH:0
DA:1,0
DA:20,0
DA:36,0
DA:49,0
LF:4
LH:0
BRF:0
BRH:0
end_of_record
TN:
SF:utils\toast.ts
FN:14,registerToastHost
FN:16,(anonymous_1)
FN:24,showToast
FNF:3
FNH:0
FNDA:0,registerToastHost
FNDA:0,(anonymous_1)
FNDA:0,showToast
DA:5,0
DA:15,0
DA:16,0
DA:17,0
DA:28,0
DA:29,0
DA:31,0
DA:33,0
DA:34,0
DA:35,0
DA:38,0
DA:39,0
LF:12
LH:0
BRDA:17,0,0,0
BRDA:17,0,1,0
BRDA:26,1,0,0
BRDA:26,2,0,0
BRDA:28,3,0,0
BRDA:28,3,1,0
BRDA:29,4,0,0
BRDA:29,4,1,0
BRDA:31,5,0,0
BRDA:31,5,1,0
BRDA:33,6,0,0
BRDA:33,6,1,0
BRDA:38,7,0,0
BRDA:38,7,1,0
BRDA:41,8,0,0
BRDA:41,8,1,0
BRF:16
BRH:0
end_of_record
TN:
SF:utils\weekCalculator.ts
FN:3,(anonymous_0)
FN:36,(anonymous_1)
FN:41,(anonymous_2)
FNF:3
FNH:3
FNDA:4,(anonymous_0)
FNDA:1,(anonymous_1)
FNDA:3,(anonymous_2)
DA:3,1
DA:4,4
DA:6,4
DA:8,4
DA:10,4
DA:12,4
DA:14,4
DA:15,4
DA:17,4
DA:18,23
DA:19,23
DA:21,23
DA:22,23
DA:24,23
DA:30,23
DA:33,4
DA:36,1
DA:37,1
DA:38,1
DA:41,1
DA:42,3
DA:43,3
DA:45,3
DA:47,3
DA:49,3
DA:51,3
DA:53,3
DA:55,3
DA:56,21
DA:57,21
DA:58,21
DA:61,3
LF:32
LH:32
BRDA:12,0,0,0
BRDA:12,0,1,4
BRDA:41,1,0,0
BRDA:47,2,0,1
BRDA:47,2,1,2
BRF:5
BRH:3
end_of_record
TN:
SF:utils\xp.ts
FN:4,calculateXpGain
FNF:1
FNH:1
FNDA:11,calculateXpGain
DA:2,2
DA:5,11
DA:6,11
DA:7,6
LF:4
LH:4
BRDA:6,0,0,5
BRDA:6,0,1,6
BRDA:6,1,0,11
BRDA:6,1,1,8
BRF:4
BRH:4
end_of_record
